Added Component: Designator=P1_RM1(HDR1X2)
Added Component: Designator=P1_RM2(HDR1X2)
Added Component: Designator=P1_RM3(HDR1X2)
Added Component: Designator=P1_RM4(HDR1X2)
Added Component: Designator=P2_RM1(HDR1X2)
Added Component: Designator=P2_RM2(HDR1X2)
Added Component: Designator=P2_RM3(HDR1X2)
Added Component: Designator=P2_RM4(HDR1X2)
Added Pin To Net: NetName=EXT_VCC Pin=P1_RM1-1
Added Pin To Net: NetName=NetJ2_RM1_1 Pin=P1_RM1-2
Added Pin To Net: NetName=EXT_VCC Pin=P1_RM2-1
Added Pin To Net: NetName=NetJ2_RM2_1 Pin=P1_RM2-2
Added Pin To Net: NetName=EXT_VCC Pin=P1_RM3-1
Added Pin To Net: NetName=NetJ2_RM3_1 Pin=P1_RM3-2
Added Pin To Net: NetName=EXT_VCC Pin=P1_RM4-1
Added Pin To Net: NetName=NetJ2_RM4_1 Pin=P1_RM4-2
Added Pin To Net: NetName=NetJ2_RM1_2 Pin=P2_RM1-1
Added Pin To Net: NetName=PGND Pin=P2_RM1-2
Added Pin To Net: NetName=NetJ2_RM2_2 Pin=P2_RM2-1
Added Pin To Net: NetName=PGND Pin=P2_RM2-2
Added Pin To Net: NetName=NetJ2_RM3_2 Pin=P2_RM3-1
Added Pin To Net: NetName=PGND Pin=P2_RM3-2
Added Pin To Net: NetName=NetJ2_RM4_2 Pin=P2_RM4-1
Added Pin To Net: NetName=PGND Pin=P2_RM4-2
Change Class Name : Old Net Name=RasPi-BplusHAT-MOSFET New Net Name=RasPi-BplusHAT-RELAY
Added Member To Class: ClassName=RM1 Member=Component P1_RM1 (P1) Header 2
Added Member To Class: ClassName=RM2 Member=Component P1_RM2 (P1) Header 2
Added Member To Class: ClassName=RM3 Member=Component P1_RM3 (P1) Header 2
Added Member To Class: ClassName=RM4 Member=Component P1_RM4 (P1) Header 2
Added Member To Class: ClassName=RM1 Member=Component P2_RM1 (P2) Header 2
Added Member To Class: ClassName=RM2 Member=Component P2_RM2 (P2) Header 2
Added Member To Class: ClassName=RM3 Member=Component P2_RM3 (P2) Header 2
Added Member To Class: ClassName=RM4 Member=Component P2_RM4 (P2) Header 2
Change Room Scope: Old Scope=InComponentClass('RasPi-BplusHAT-MOSFET') New Scope=InComponentClass('RasPi-BplusHAT-RELAY')
