Added Component: Designator=C1(6-0805_N)
Added Component: Designator=C2(6-0805_N)
Added Component: Designator=C3(6-0805_N)
Added Component: Designator=C4(6-0805_N)
Added Component: Designator=C5(6-0805_N)
Added Component: Designator=C6(C1210_N)
Added Component: Designator=D1_RM1(3.2X1.6X1.1)
Added Component: Designator=D1_RM2(3.2X1.6X1.1)
Added Component: Designator=D1_RM3(3.2X1.6X1.1)
Added Component: Designator=D1_RM4(3.2X1.6X1.1)
Added Component: Designator=J1(1760490000)
Added Component: Designator=J2_RM1(1760490000)
Added Component: Designator=J2_RM2(1760490000)
Added Component: Designator=J2_RM3(1760490000)
Added Component: Designator=J2_RM4(1760490000)
Added Component: Designator=K2_RM1(G3MB-202P)
Added Component: Designator=K2_RM2(G3MB-202P)
Added Component: Designator=K2_RM3(G3MB-202P)
Added Component: Designator=K2_RM4(G3MB-202P)
Added Component: Designator=Q1_RM1(TO-92A)
Added Component: Designator=Q1_RM2(TO-92A)
Added Component: Designator=Q1_RM3(TO-92A)
Added Component: Designator=Q1_RM4(TO-92A)
Added Component: Designator=R5_RM4_RM1(6-0805_N)
Added Component: Designator=R5_RM4_RM2(6-0805_N)
Added Component: Designator=R5_RM4_RM3(6-0805_N)
Added Component: Designator=R5_RM4_RM4(6-0805_N)
Added Component: Designator=R6_RM4_RM1(6-0805_N)
Added Component: Designator=R6_RM4_RM2(6-0805_N)
Added Component: Designator=R6_RM4_RM3(6-0805_N)
Added Component: Designator=R6_RM4_RM4(6-0805_N)
Added Component: Designator=R7_RM4_RM1(6-0805_N)
Added Component: Designator=R7_RM4_RM2(6-0805_N)
Added Component: Designator=R7_RM4_RM3(6-0805_N)
Added Component: Designator=R7_RM4_RM4(6-0805_N)
Added Component: Designator=R8_RM4_RM1(6-0805_N)
Added Component: Designator=R8_RM4_RM2(6-0805_N)
Added Component: Designator=R8_RM4_RM3(6-0805_N)
Added Component: Designator=R8_RM4_RM4(6-0805_N)
Added Component: Designator=R9_RM4_RM1(6-0805_N)
Added Component: Designator=R9_RM4_RM2(6-0805_N)
Added Component: Designator=R9_RM4_RM3(6-0805_N)
Added Component: Designator=R9_RM4_RM4(6-0805_N)
Added Component: Designator=R10_RM4_RM1(6-0805_N)
Added Component: Designator=R10_RM4_RM2(6-0805_N)
Added Component: Designator=R10_RM4_RM3(6-0805_N)
Added Component: Designator=R10_RM4_RM4(6-0805_N)
Added Component: Designator=S1(DIP-12/SW)
Added Component: Designator=U2(TSSOP20)
Added Pin To Net: NetName=GND Pin=C1-1
Added Pin To Net: NetName=+3V3 Pin=C1-2
Added Pin To Net: NetName=GND Pin=C2-1
Added Pin To Net: NetName=+3V3 Pin=C2-2
Added Pin To Net: NetName=GND Pin=C3-1
Added Pin To Net: NetName=+3V3 Pin=C3-2
Added Pin To Net: NetName=NetD1_RM1_1 Pin=D1_RM1-1
Added Pin To Net: NetName=NetD1_RM1_2 Pin=D1_RM1-2
Added Pin To Net: NetName=NetD1_RM2_1 Pin=D1_RM2-1
Added Pin To Net: NetName=NetD1_RM2_2 Pin=D1_RM2-2
Added Pin To Net: NetName=NetD1_RM3_1 Pin=D1_RM3-1
Added Pin To Net: NetName=NetD1_RM3_2 Pin=D1_RM3-2
Added Pin To Net: NetName=NetD1_RM4_1 Pin=D1_RM4-1
Added Pin To Net: NetName=NetD1_RM4_2 Pin=D1_RM4-2
Added Pin To Net: NetName=NetJ2_RM1_1 Pin=J2_RM1-1
Added Pin To Net: NetName=NetJ2_RM1_2 Pin=J2_RM1-2
Added Pin To Net: NetName=NetJ2_RM2_1 Pin=J2_RM2-1
Added Pin To Net: NetName=NetJ2_RM2_2 Pin=J2_RM2-2
Added Pin To Net: NetName=NetJ2_RM3_1 Pin=J2_RM3-1
Added Pin To Net: NetName=NetJ2_RM3_2 Pin=J2_RM3-2
Added Pin To Net: NetName=NetJ2_RM4_1 Pin=J2_RM4-1
Added Pin To Net: NetName=NetJ2_RM4_2 Pin=J2_RM4-2
Added Pin To Net: NetName=NetJ2_RM1_2 Pin=K2_RM1-1
Added Pin To Net: NetName=NetJ2_RM1_1 Pin=K2_RM1-2
Added Pin To Net: NetName=NetD1_RM1_2 Pin=K2_RM1-4
Added Pin To Net: NetName=NetJ2_RM2_2 Pin=K2_RM2-1
Added Pin To Net: NetName=NetJ2_RM2_1 Pin=K2_RM2-2
Added Pin To Net: NetName=NetD1_RM2_2 Pin=K2_RM2-4
Added Pin To Net: NetName=NetJ2_RM3_2 Pin=K2_RM3-1
Added Pin To Net: NetName=NetJ2_RM3_1 Pin=K2_RM3-2
Added Pin To Net: NetName=NetD1_RM3_2 Pin=K2_RM3-4
Added Pin To Net: NetName=NetJ2_RM4_2 Pin=K2_RM4-1
Added Pin To Net: NetName=NetJ2_RM4_1 Pin=K2_RM4-2
Added Pin To Net: NetName=NetD1_RM4_2 Pin=K2_RM4-4
Added Pin To Net: NetName=NetQ1_RM1_2 Pin=Q1_RM1-2
Added Pin To Net: NetName=NetD1_RM1_2 Pin=Q1_RM1-3
Added Pin To Net: NetName=NetQ1_RM2_2 Pin=Q1_RM2-2
Added Pin To Net: NetName=NetD1_RM2_2 Pin=Q1_RM2-3
Added Pin To Net: NetName=NetQ1_RM3_2 Pin=Q1_RM3-2
Added Pin To Net: NetName=NetD1_RM3_2 Pin=Q1_RM3-3
Added Pin To Net: NetName=NetQ1_RM4_2 Pin=Q1_RM4-2
Added Pin To Net: NetName=NetD1_RM4_2 Pin=Q1_RM4-3
Added Pin To Net: NetName=NetD1_RM1_1 Pin=R6_RM4_RM1-2
Added Pin To Net: NetName=NetD1_RM2_1 Pin=R6_RM4_RM2-2
Added Pin To Net: NetName=NetD1_RM3_1 Pin=R6_RM4_RM3-2
Added Pin To Net: NetName=NetD1_RM4_1 Pin=R6_RM4_RM4-2
Added Pin To Net: NetName=NetQ1_RM1_2 Pin=R8_RM4_RM1-2
Added Pin To Net: NetName=NetQ1_RM2_2 Pin=R8_RM4_RM2-2
Added Pin To Net: NetName=NetQ1_RM3_2 Pin=R8_RM4_RM3-2
Added Pin To Net: NetName=NetQ1_RM4_2 Pin=R8_RM4_RM4-2
Added Pin To Net: NetName=GND Pin=R9_RM4_RM1-2
Added Pin To Net: NetName=GND Pin=R9_RM4_RM2-2
Added Pin To Net: NetName=GND Pin=R9_RM4_RM3-2
Added Pin To Net: NetName=GND Pin=R9_RM4_RM4-2
Added Pin To Net: NetName=GND Pin=S1-1
Added Pin To Net: NetName=GND Pin=S1-2
Added Pin To Net: NetName=GND Pin=S1-3
Added Pin To Net: NetName=GND Pin=S1-4
Added Pin To Net: NetName=GND Pin=S1-5
Added Pin To Net: NetName=GND Pin=S1-6
Added Pin To Net: NetName=GND Pin=U2-10
Added Pin To Net: NetName=+3V3 Pin=U2-20
Added Pin To Net: NetName=EEPROM_WC Pin=K1-11
Added Pin To Net: NetName=EEPROM_WC Pin=U2-17
Added Net: Name=EEPROM_WC
Added Pin To Net: NetName=EXT_VCC Pin=C4-2
Added Pin To Net: NetName=EXT_VCC Pin=C5-2
Added Pin To Net: NetName=EXT_VCC Pin=C6-2
Added Pin To Net: NetName=EXT_VCC Pin=J1-1
Added Pin To Net: NetName=EXT_VCC Pin=R5_RM4_RM1-1
Added Pin To Net: NetName=EXT_VCC Pin=R5_RM4_RM2-1
Added Pin To Net: NetName=EXT_VCC Pin=R5_RM4_RM3-1
Added Pin To Net: NetName=EXT_VCC Pin=R5_RM4_RM4-1
Added Pin To Net: NetName=EXT_VCC Pin=R6_RM4_RM1-1
Added Pin To Net: NetName=EXT_VCC Pin=R6_RM4_RM2-1
Added Pin To Net: NetName=EXT_VCC Pin=R6_RM4_RM3-1
Added Pin To Net: NetName=EXT_VCC Pin=R6_RM4_RM4-1
Added Net: Name=EXT_VCC
Added Pin To Net: NetName=INTERRUPT Pin=K1-7
Added Pin To Net: NetName=INTERRUPT Pin=U2-8
Added Net: Name=INTERRUPT
Added Pin To Net: NetName=NetK2_RM1_3 Pin=K2_RM1-3
Added Pin To Net: NetName=NetK2_RM1_3 Pin=R5_RM4_RM1-2
Added Net: Name=NetK2_RM1_3
Added Pin To Net: NetName=NetK2_RM2_3 Pin=K2_RM2-3
Added Pin To Net: NetName=NetK2_RM2_3 Pin=R5_RM4_RM2-2
Added Net: Name=NetK2_RM2_3
Added Pin To Net: NetName=NetK2_RM3_3 Pin=K2_RM3-3
Added Pin To Net: NetName=NetK2_RM3_3 Pin=R5_RM4_RM3-2
Added Net: Name=NetK2_RM3_3
Added Pin To Net: NetName=NetK2_RM4_3 Pin=K2_RM4-3
Added Pin To Net: NetName=NetK2_RM4_3 Pin=R5_RM4_RM4-2
Added Net: Name=NetK2_RM4_3
Added Pin To Net: NetName=NetR7_RM4_RM1_1 Pin=R7_RM4_RM1-1
Added Pin To Net: NetName=NetR7_RM4_RM1_1 Pin=R9_RM4_RM1-1
Added Pin To Net: NetName=NetR7_RM4_RM1_1 Pin=U2-7
Added Net: Name=NetR7_RM4_RM1_1
Added Pin To Net: NetName=NetR7_RM4_RM1_2 Pin=R7_RM4_RM1-2
Added Net: Name=NetR7_RM4_RM1_2
Added Pin To Net: NetName=NetR7_RM4_RM2_1 Pin=R7_RM4_RM2-1
Added Pin To Net: NetName=NetR7_RM4_RM2_1 Pin=R9_RM4_RM2-1
Added Pin To Net: NetName=NetR7_RM4_RM2_1 Pin=U2-6
Added Net: Name=NetR7_RM4_RM2_1
Added Pin To Net: NetName=NetR7_RM4_RM2_2 Pin=R7_RM4_RM2-2
Added Net: Name=NetR7_RM4_RM2_2
Added Pin To Net: NetName=NetR7_RM4_RM3_1 Pin=R7_RM4_RM3-1
Added Pin To Net: NetName=NetR7_RM4_RM3_1 Pin=R9_RM4_RM3-1
Added Pin To Net: NetName=NetR7_RM4_RM3_1 Pin=U2-5
Added Net: Name=NetR7_RM4_RM3_1
Added Pin To Net: NetName=NetR7_RM4_RM3_2 Pin=R7_RM4_RM3-2
Added Net: Name=NetR7_RM4_RM3_2
Added Pin To Net: NetName=NetR7_RM4_RM4_1 Pin=R7_RM4_RM4-1
Added Pin To Net: NetName=NetR7_RM4_RM4_1 Pin=R9_RM4_RM4-1
Added Pin To Net: NetName=NetR7_RM4_RM4_1 Pin=U2-4
Added Net: Name=NetR7_RM4_RM4_1
Added Pin To Net: NetName=NetR7_RM4_RM4_2 Pin=R7_RM4_RM4-2
Added Net: Name=NetR7_RM4_RM4_2
Added Pin To Net: NetName=NetR8_RM4_RM1_1 Pin=R8_RM4_RM1-1
Added Pin To Net: NetName=NetR8_RM4_RM1_1 Pin=R10_RM4_RM1-1
Added Net: Name=NetR8_RM4_RM1_1
Added Pin To Net: NetName=NetR8_RM4_RM2_1 Pin=R8_RM4_RM2-1
Added Pin To Net: NetName=NetR8_RM4_RM2_1 Pin=R10_RM4_RM2-1
Added Net: Name=NetR8_RM4_RM2_1
Added Pin To Net: NetName=NetR8_RM4_RM3_1 Pin=R8_RM4_RM3-1
Added Pin To Net: NetName=NetR8_RM4_RM3_1 Pin=R10_RM4_RM3-1
Added Net: Name=NetR8_RM4_RM3_1
Added Pin To Net: NetName=NetR8_RM4_RM4_1 Pin=R8_RM4_RM4-1
Added Pin To Net: NetName=NetR8_RM4_RM4_1 Pin=R10_RM4_RM4-1
Added Net: Name=NetR8_RM4_RM4_1
Added Pin To Net: NetName=NetS1_7 Pin=S1-7
Added Pin To Net: NetName=NetS1_7 Pin=U2-1
Added Net: Name=NetS1_7
Added Pin To Net: NetName=NetS1_8 Pin=S1-8
Added Pin To Net: NetName=NetS1_8 Pin=U2-2
Added Net: Name=NetS1_8
Added Pin To Net: NetName=NetS1_9 Pin=S1-9
Added Pin To Net: NetName=NetS1_9 Pin=U2-3
Added Net: Name=NetS1_9
Added Pin To Net: NetName=NetS1_10 Pin=S1-10
Added Pin To Net: NetName=NetS1_10 Pin=U2-12
Added Net: Name=NetS1_10
Added Pin To Net: NetName=NetS1_11 Pin=S1-11
Added Pin To Net: NetName=NetS1_11 Pin=U2-11
Added Net: Name=NetS1_11
Added Pin To Net: NetName=NetS1_12 Pin=S1-12
Added Pin To Net: NetName=NetS1_12 Pin=U2-9
Added Net: Name=NetS1_12
Added Pin To Net: NetName=PGND Pin=C4-1
Added Pin To Net: NetName=PGND Pin=C5-1
Added Pin To Net: NetName=PGND Pin=C6-1
Added Pin To Net: NetName=PGND Pin=J1-2
Added Pin To Net: NetName=PGND Pin=Q1_RM1-1
Added Pin To Net: NetName=PGND Pin=Q1_RM2-1
Added Pin To Net: NetName=PGND Pin=Q1_RM3-1
Added Pin To Net: NetName=PGND Pin=Q1_RM4-1
Added Pin To Net: NetName=PGND Pin=R10_RM4_RM1-2
Added Pin To Net: NetName=PGND Pin=R10_RM4_RM2-2
Added Pin To Net: NetName=PGND Pin=R10_RM4_RM3-2
Added Pin To Net: NetName=PGND Pin=R10_RM4_RM4-2
Added Net: Name=PGND
Added Member To Class: ClassName=RasPi-BplusHAT Member=Component C1 Cap
Added Member To Class: ClassName=RasPi-BplusHAT Member=Component C2 Cap
Added Member To Class: ClassName=RasPi-BplusHAT Member=Component C3 Cap
Added Member To Class: ClassName=RasPi-BplusHAT Member=Component C4 Cap
Added Member To Class: ClassName=RasPi-BplusHAT Member=Component C5 Cap
Added Member To Class: ClassName=RasPi-BplusHAT Member=Component C6 Cap
Added Member To Class: ClassName=RM1 Member=Component D1_RM1 (D1) LED2
Added Member To Class: ClassName=RM2 Member=Component D1_RM2 (D1) LED2
Added Member To Class: ClassName=RM3 Member=Component D1_RM3 (D1) LED2
Added Member To Class: ClassName=RM4 Member=Component D1_RM4 (D1) LED2
Added Member To Class: ClassName=RasPi-BplusHAT Member=Component J1 1760510000
Added Member To Class: ClassName=RM1 Member=Component J2_RM1 (J2) 1760510000
Added Member To Class: ClassName=RM2 Member=Component J2_RM2 (J2) 1760510000
Added Member To Class: ClassName=RM3 Member=Component J2_RM3 (J2) 1760510000
Added Member To Class: ClassName=RM4 Member=Component J2_RM4 (J2) 1760510000
Added Member To Class: ClassName=RasPi-BplusHAT Member=Component K1 PIN20X2
Added Member To Class: ClassName=RM1 Member=Component K2_RM1 (K2) G3MB-202P
Added Member To Class: ClassName=RM2 Member=Component K2_RM2 (K2) G3MB-202P
Added Member To Class: ClassName=RM3 Member=Component K2_RM3 (K2) G3MB-202P
Added Member To Class: ClassName=RM4 Member=Component K2_RM4 (K2) G3MB-202P
Added Member To Class: ClassName=RM1 Member=Component Q1_RM1 (Q1) P2N2222AG
Added Member To Class: ClassName=RM2 Member=Component Q1_RM2 (Q1) P2N2222AG
Added Member To Class: ClassName=RM3 Member=Component Q1_RM3 (Q1) P2N2222AG
Added Member To Class: ClassName=RM4 Member=Component Q1_RM4 (Q1) P2N2222AG
Added Member To Class: ClassName=RM1 Member=Component R5_RM4_RM1 (R5_RM4) Res1
Added Member To Class: ClassName=RM2 Member=Component R5_RM4_RM2 (R5_RM4) Res1
Added Member To Class: ClassName=RM3 Member=Component R5_RM4_RM3 (R5_RM4) Res1
Added Member To Class: ClassName=RM4 Member=Component R5_RM4_RM4 (R5_RM4) Res1
Added Member To Class: ClassName=RM1 Member=Component R6_RM4_RM1 (R6_RM4) Res1
Added Member To Class: ClassName=RM2 Member=Component R6_RM4_RM2 (R6_RM4) Res1
Added Member To Class: ClassName=RM3 Member=Component R6_RM4_RM3 (R6_RM4) Res1
Added Member To Class: ClassName=RM4 Member=Component R6_RM4_RM4 (R6_RM4) Res1
Added Member To Class: ClassName=RM1 Member=Component R7_RM4_RM1 (R7_RM4) Res1
Added Member To Class: ClassName=RM2 Member=Component R7_RM4_RM2 (R7_RM4) Res1
Added Member To Class: ClassName=RM3 Member=Component R7_RM4_RM3 (R7_RM4) Res1
Added Member To Class: ClassName=RM4 Member=Component R7_RM4_RM4 (R7_RM4) Res1
Added Member To Class: ClassName=RM1 Member=Component R8_RM4_RM1 (R8_RM4) Res1
Added Member To Class: ClassName=RM2 Member=Component R8_RM4_RM2 (R8_RM4) Res1
Added Member To Class: ClassName=RM3 Member=Component R8_RM4_RM3 (R8_RM4) Res1
Added Member To Class: ClassName=RM4 Member=Component R8_RM4_RM4 (R8_RM4) Res1
Added Member To Class: ClassName=RM1 Member=Component R9_RM4_RM1 (R9_RM4) Res1
Added Member To Class: ClassName=RM2 Member=Component R9_RM4_RM2 (R9_RM4) Res1
Added Member To Class: ClassName=RM3 Member=Component R9_RM4_RM3 (R9_RM4) Res1
Added Member To Class: ClassName=RM4 Member=Component R9_RM4_RM4 (R9_RM4) Res1
Added Member To Class: ClassName=RM1 Member=Component R10_RM4_RM1 (R10_RM4) Res1
Added Member To Class: ClassName=RM2 Member=Component R10_RM4_RM2 (R10_RM4) Res1
Added Member To Class: ClassName=RM3 Member=Component R10_RM4_RM3 (R10_RM4) Res1
Added Member To Class: ClassName=RM4 Member=Component R10_RM4_RM4 (R10_RM4) Res1
Added Member To Class: ClassName=RasPi-BplusHAT Member=Component S1 SW DIP-6
Added Member To Class: ClassName=RasPi-BplusHAT Member=Component U2 PCA9501
Added Room: Name=RM1
Added Room: Name=RM2
Added Room: Name=RM3
Added Room: Name=RM4
