Removed Pin From Net: NetName=+5V Pin=C1-2
Removed Pin From Net: NetName=GND Pin=P1-1
Removed Pin From Net: NetName=GND Pin=P2-1
Removed Pin From Net: NetName=GND Pin=P3-1
Removed Pin From Net: NetName=NetJ1_1 Pin=Q1_RM1-1
Removed Pin From Net: NetName=NetJ1_1 Pin=Q1_RM2-1
Removed Pin From Net: NetName=NetJ1_1 Pin=Q1_RM3-1
Removed Pin From Net: NetName=NetJ1_1 Pin=Q1_RM4-1
Removed Pin From Net: NetName=+3V3 Pin=R1-1
Removed Pin From Net: NetName=+3V3 Pin=R2-1
Removed Pin From Net: NetName=+3V3 Pin=R3-1
Removed Pin From Net: NetName=+3V3 Pin=R4-1
Removed Pin From Net: NetName=SCL Pin=U1-1
Removed Pin From Net: NetName=SDA Pin=U1-2
Removed Pin From Net: NetName=GND Pin=U1-8
Removed Pin From Net: NetName=+3V3 Pin=U1-16
Removed Member From Class: ClassName=RM1 Member=D2_RM1
Removed Member From Class: ClassName=RM2 Member=D2_RM2
Removed Member From Class: ClassName=RM3 Member=D2_RM3
Removed Member From Class: ClassName=RM4 Member=D2_RM4
Removed Member From Class: ClassName=RasPi-BplusHAT Member=P1
Removed Member From Class: ClassName=RasPi-BplusHAT Member=P2
Removed Member From Class: ClassName=RasPi-BplusHAT Member=P3
Removed Member From Class: ClassName=RasPi-BplusHAT Member=R1
Removed Member From Class: ClassName=RasPi-BplusHAT Member=R2
Removed Member From Class: ClassName=RasPi-BplusHAT Member=R3
Removed Member From Class: ClassName=RasPi-BplusHAT Member=R4
Change Component DesignItemId : Designator=Q1_RM1 Old DesignItemId=2N3904 New DesignItemId=MMBT2222A
Change Component DesignItemId : Designator=Q1_RM2 Old DesignItemId=2N3904 New DesignItemId=MMBT2222A
Change Component DesignItemId : Designator=Q1_RM3 Old DesignItemId=2N3904 New DesignItemId=MMBT2222A
Change Component DesignItemId : Designator=Q1_RM4 Old DesignItemId=2N3904 New DesignItemId=MMBT2222A
Change Component DesignItemId : Designator=D1_RM1 Old DesignItemId=LED2 New DesignItemId=598-8160-107F
Change Component DesignItemId : Designator=D1_RM2 Old DesignItemId=LED2 New DesignItemId=598-8160-107F
Change Component DesignItemId : Designator=D1_RM3 Old DesignItemId=LED2 New DesignItemId=598-8160-107F
Change Component DesignItemId : Designator=D1_RM4 Old DesignItemId=LED2 New DesignItemId=598-8160-107F
Change Component DesignItemId : Designator=U1 Old DesignItemId=PCA9557PW,112 New DesignItemId=PCA9501
Change Component Footprint: Designator=D1_RM1 Old Footprint=3.2X1.6X1.1 New Footprint=LEDSC200X125X70-2N_598-8160-107F(Primary)
Change Component Footprint: Designator=D1_RM2 Old Footprint=3.2X1.6X1.1 New Footprint=LEDSC200X125X70-2N_598-8160-107F(Primary)
Change Component Footprint: Designator=D1_RM3 Old Footprint=3.2X1.6X1.1 New Footprint=LEDSC200X125X70-2N_598-8160-107F(Primary)
Change Component Footprint: Designator=D1_RM4 Old Footprint=3.2X1.6X1.1 New Footprint=LEDSC200X125X70-2N_598-8160-107F(Primary)
Change Component Footprint: Designator=U1 Old Footprint=SOP65P640X110-16N New Footprint=TSSOP20
Change Component Footprint: Designator=Q1_RM1 Old Footprint=TO-92A New Footprint=SOT23
Change Component Footprint: Designator=Q1_RM2 Old Footprint=TO-92A New Footprint=SOT23
Change Component Footprint: Designator=Q1_RM3 Old Footprint=TO-92A New Footprint=SOT23
Change Component Footprint: Designator=Q1_RM4 Old Footprint=TO-92A New Footprint=SOT23
Change Component Comment : Designator=D1_RM1 Old Comment=LED2 New Comment=0805_LED
Change Component Comment : Designator=D1_RM2 Old Comment=LED2 New Comment=0805_LED
Change Component Comment : Designator=D1_RM3 Old Comment=LED2 New Comment=0805_LED
Change Component Comment : Designator=D1_RM4 Old Comment=LED2 New Comment=0805_LED
Change Component Comment : Designator=Q1_RM1 Old Comment=P2N2222AG New Comment=MMBT2222A
Change Component Comment : Designator=Q1_RM2 Old Comment=P2N2222AG New Comment=MMBT2222A
Change Component Comment : Designator=Q1_RM3 Old Comment=P2N2222AG New Comment=MMBT2222A
Change Component Comment : Designator=Q1_RM4 Old Comment=P2N2222AG New Comment=MMBT2222A
Change Component Comment : Designator=U1 Old Comment=PCA9557PW,112 New Comment=PCA9501
Change Component Designator: OldDesignator=R5_RM1 NewDesignator=R1_RM1
Change Component Designator: OldDesignator=R5_RM2 NewDesignator=R1_RM2
Change Component Designator: OldDesignator=R5_RM3 NewDesignator=R1_RM3
Change Component Designator: OldDesignator=R5_RM4 NewDesignator=R1_RM4
Change Component Designator: OldDesignator=R6_RM1 NewDesignator=R2_RM1
Change Component Designator: OldDesignator=R6_RM2 NewDesignator=R2_RM2
Change Component Designator: OldDesignator=R6_RM3 NewDesignator=R2_RM3
Change Component Designator: OldDesignator=R6_RM4 NewDesignator=R2_RM4
Change Component Designator: OldDesignator=R7_RM1 NewDesignator=R3_RM1
Change Component Designator: OldDesignator=R7_RM2 NewDesignator=R3_RM2
Change Component Designator: OldDesignator=R7_RM3 NewDesignator=R3_RM3
Change Component Designator: OldDesignator=R7_RM4 NewDesignator=R3_RM4
Change Component Designator: OldDesignator=R8_RM1 NewDesignator=R4_RM1
Change Component Designator: OldDesignator=R8_RM2 NewDesignator=R4_RM2
Change Component Designator: OldDesignator=R8_RM3 NewDesignator=R4_RM3
Change Component Designator: OldDesignator=R8_RM4 NewDesignator=R4_RM4
Change Component Designator: OldDesignator=R9_RM1 NewDesignator=R5_RM1
Change Component Designator: OldDesignator=R9_RM2 NewDesignator=R5_RM2
Change Component Designator: OldDesignator=R9_RM3 NewDesignator=R5_RM3
Change Component Designator: OldDesignator=R9_RM4 NewDesignator=R5_RM4
Change Component Designator: OldDesignator=R10_RM1 NewDesignator=R6_RM1
Change Component Designator: OldDesignator=R10_RM2 NewDesignator=R6_RM2
Change Component Designator: OldDesignator=R10_RM3 NewDesignator=R6_RM3
Change Component Designator: OldDesignator=R10_RM4 NewDesignator=R6_RM4
Added Component: Designator=C4(6-0805_N)
Added Component: Designator=C5(6-0805_N)
Added Component: Designator=C6(C1210_N)
Added Component: Designator=J1(1760490000)
Added Component: Designator=J2_RM1(1760490000)
Added Component: Designator=J2_RM2(1760490000)
Added Component: Designator=J2_RM3(1760490000)
Added Component: Designator=J2_RM4(1760490000)
Added Component: Designator=S1(DIP-12/SW)
Added Pin To Net: NetName=+3V3 Pin=C1-2
Added Pin To Net: NetName=NetJ1_1 Pin=C4-1
Added Pin To Net: NetName=NetJ1_2 Pin=C4-2
Added Pin To Net: NetName=NetJ1_1 Pin=C5-1
Added Pin To Net: NetName=NetJ1_2 Pin=C5-2
Added Pin To Net: NetName=NetJ1_1 Pin=C6-1
Added Pin To Net: NetName=NetJ1_2 Pin=C6-2
Added Pin To Net: NetName=NetJ1_2 Pin=J1-1
Added Pin To Net: NetName=NetJ1_1 Pin=J1-2
Added Pin To Net: NetName=NetJ2_RM1_1 Pin=J2_RM1-1
Added Pin To Net: NetName=NetJ2_RM1_2 Pin=J2_RM1-2
Added Pin To Net: NetName=NetJ2_RM2_1 Pin=J2_RM2-1
Added Pin To Net: NetName=NetJ2_RM2_2 Pin=J2_RM2-2
Added Pin To Net: NetName=NetJ2_RM3_1 Pin=J2_RM3-1
Added Pin To Net: NetName=NetJ2_RM3_2 Pin=J2_RM3-2
Added Pin To Net: NetName=NetJ2_RM4_1 Pin=J2_RM4-1
Added Pin To Net: NetName=NetJ2_RM4_2 Pin=J2_RM4-2
Added Pin To Net: NetName=NetJ1_1 Pin=Q1_RM1-2
Added Pin To Net: NetName=NetJ1_1 Pin=Q1_RM2-2
Added Pin To Net: NetName=NetJ1_1 Pin=Q1_RM3-2
Added Pin To Net: NetName=NetJ1_1 Pin=Q1_RM4-2
Added Pin To Net: NetName=GND Pin=S1-1
Added Pin To Net: NetName=GND Pin=S1-2
Added Pin To Net: NetName=GND Pin=S1-3
Added Pin To Net: NetName=GND Pin=S1-4
Added Pin To Net: NetName=GND Pin=S1-5
Added Pin To Net: NetName=GND Pin=S1-6
Added Pin To Net: NetName=GND Pin=U1-10
Added Pin To Net: NetName=SCL Pin=U1-18
Added Pin To Net: NetName=SDA Pin=U1-19
Added Pin To Net: NetName=+3V3 Pin=U1-20
Change Net Name : Old Net Name=NetJ1_1 New Net Name=PGND
Change Net Name : Old Net Name=NetJ1_2 New Net Name=EXT_VCC
Change Net Name : Old Net Name=NetR7_RM1_2 New Net Name=NetR3_RM1_2
Change Net Name : Old Net Name=NetR7_RM2_2 New Net Name=NetR3_RM2_2
Change Net Name : Old Net Name=NetR7_RM3_2 New Net Name=NetR3_RM3_2
Change Net Name : Old Net Name=NetR7_RM4_2 New Net Name=NetR3_RM4_2
Change Net Name : Old Net Name=NetR8_RM1_1 New Net Name=NetR4_RM1_1
Change Net Name : Old Net Name=NetR8_RM2_1 New Net Name=NetR4_RM2_1
Change Net Name : Old Net Name=NetR8_RM3_1 New Net Name=NetR4_RM3_1
Change Net Name : Old Net Name=NetR8_RM4_1 New Net Name=NetR4_RM4_1
Added Pin To Net: NetName=EEPROM_WC Pin=K1-11
Added Pin To Net: NetName=EEPROM_WC Pin=U1-17
Added Net: Name=EEPROM_WC
Added Pin To Net: NetName=INTERRUPT Pin=K1-7
Added Pin To Net: NetName=INTERRUPT Pin=U1-8
Added Net: Name=INTERRUPT
Added Pin To Net: NetName=NetD1_RM1_A Pin=D1_RM1-A
Added Pin To Net: NetName=NetD1_RM1_A Pin=R2_RM1-2
Added Net: Name=NetD1_RM1_A
Added Pin To Net: NetName=NetD1_RM1_C Pin=D1_RM1-C
Added Pin To Net: NetName=NetD1_RM1_C Pin=Q1_RM1-3
Added Net: Name=NetD1_RM1_C
Added Pin To Net: NetName=NetD1_RM2_A Pin=D1_RM2-A
Added Pin To Net: NetName=NetD1_RM2_A Pin=R2_RM2-2
Added Net: Name=NetD1_RM2_A
Added Pin To Net: NetName=NetD1_RM2_C Pin=D1_RM2-C
Added Pin To Net: NetName=NetD1_RM2_C Pin=Q1_RM2-3
Added Net: Name=NetD1_RM2_C
Added Pin To Net: NetName=NetD1_RM3_A Pin=D1_RM3-A
Added Pin To Net: NetName=NetD1_RM3_A Pin=R2_RM3-2
Added Net: Name=NetD1_RM3_A
Added Pin To Net: NetName=NetD1_RM3_C Pin=D1_RM3-C
Added Pin To Net: NetName=NetD1_RM3_C Pin=Q1_RM3-3
Added Net: Name=NetD1_RM3_C
Added Pin To Net: NetName=NetD1_RM4_A Pin=D1_RM4-A
Added Pin To Net: NetName=NetD1_RM4_A Pin=R2_RM4-2
Added Net: Name=NetD1_RM4_A
Added Pin To Net: NetName=NetD1_RM4_C Pin=D1_RM4-C
Added Pin To Net: NetName=NetD1_RM4_C Pin=Q1_RM4-3
Added Net: Name=NetD1_RM4_C
Added Pin To Net: NetName=NetK*_RM1_3 Pin=R1_RM1-2
Added Net: Name=NetK*_RM1_3
Added Pin To Net: NetName=NetK*_RM2_3 Pin=R1_RM2-2
Added Net: Name=NetK*_RM2_3
Added Pin To Net: NetName=NetK*_RM3_3 Pin=R1_RM3-2
Added Net: Name=NetK*_RM3_3
Added Pin To Net: NetName=NetK*_RM4_3 Pin=R1_RM4-2
Added Net: Name=NetK*_RM4_3
Added Pin To Net: NetName=NetQ1_RM1_1 Pin=Q1_RM1-1
Added Pin To Net: NetName=NetQ1_RM1_1 Pin=R4_RM1-2
Added Net: Name=NetQ1_RM1_1
Added Pin To Net: NetName=NetQ1_RM2_1 Pin=Q1_RM2-1
Added Pin To Net: NetName=NetQ1_RM2_1 Pin=R4_RM2-2
Added Net: Name=NetQ1_RM2_1
Added Pin To Net: NetName=NetQ1_RM3_1 Pin=Q1_RM3-1
Added Pin To Net: NetName=NetQ1_RM3_1 Pin=R4_RM3-2
Added Net: Name=NetQ1_RM3_1
Added Pin To Net: NetName=NetQ1_RM4_1 Pin=Q1_RM4-1
Added Pin To Net: NetName=NetQ1_RM4_1 Pin=R4_RM4-2
Added Net: Name=NetQ1_RM4_1
Added Pin To Net: NetName=NetR3_RM1_1 Pin=R3_RM1-1
Added Pin To Net: NetName=NetR3_RM1_1 Pin=R5_RM1-1
Added Pin To Net: NetName=NetR3_RM1_1 Pin=U1-7
Added Net: Name=NetR3_RM1_1
Added Pin To Net: NetName=NetR3_RM2_1 Pin=R3_RM2-1
Added Pin To Net: NetName=NetR3_RM2_1 Pin=R5_RM2-1
Added Pin To Net: NetName=NetR3_RM2_1 Pin=U1-6
Added Net: Name=NetR3_RM2_1
Added Pin To Net: NetName=NetR3_RM3_1 Pin=R3_RM3-1
Added Pin To Net: NetName=NetR3_RM3_1 Pin=R5_RM3-1
Added Pin To Net: NetName=NetR3_RM3_1 Pin=U1-5
Added Net: Name=NetR3_RM3_1
Added Pin To Net: NetName=NetR3_RM4_1 Pin=R3_RM4-1
Added Pin To Net: NetName=NetR3_RM4_1 Pin=R5_RM4-1
Added Pin To Net: NetName=NetR3_RM4_1 Pin=U1-4
Added Net: Name=NetR3_RM4_1
Added Pin To Net: NetName=NetS1_7 Pin=S1-7
Added Pin To Net: NetName=NetS1_7 Pin=U1-1
Added Net: Name=NetS1_7
Added Pin To Net: NetName=NetS1_8 Pin=S1-8
Added Pin To Net: NetName=NetS1_8 Pin=U1-2
Added Net: Name=NetS1_8
Added Pin To Net: NetName=NetS1_9 Pin=S1-9
Added Pin To Net: NetName=NetS1_9 Pin=U1-3
Added Net: Name=NetS1_9
Added Pin To Net: NetName=NetS1_10 Pin=S1-10
Added Pin To Net: NetName=NetS1_10 Pin=U1-12
Added Net: Name=NetS1_10
Added Pin To Net: NetName=NetS1_11 Pin=S1-11
Added Pin To Net: NetName=NetS1_11 Pin=U1-11
Added Net: Name=NetS1_11
Added Pin To Net: NetName=NetS1_12 Pin=S1-12
Added Pin To Net: NetName=NetS1_12 Pin=U1-9
Added Net: Name=NetS1_12
Change Class Name : Old Net Name=RasPi-BplusHAT New Net Name=RasPi-BplusHAT-RELAY
Added Member To Class: ClassName=RasPi-BplusHAT-RELAY Member=Component C4 Cap
Added Member To Class: ClassName=RasPi-BplusHAT-RELAY Member=Component C5 Cap
Added Member To Class: ClassName=RasPi-BplusHAT-RELAY Member=Component C6 Cap
Added Member To Class: ClassName=RasPi-BplusHAT-RELAY Member=Component J1 1760510000
Added Member To Class: ClassName=RM1 Member=Component J2_RM1 (J2) 1760510000
Added Member To Class: ClassName=RM2 Member=Component J2_RM2 (J2) 1760510000
Added Member To Class: ClassName=RM3 Member=Component J2_RM3 (J2) 1760510000
Added Member To Class: ClassName=RM4 Member=Component J2_RM4 (J2) 1760510000
Added Member To Class: ClassName=RasPi-BplusHAT-RELAY Member=Component S1 SW DIP-6
Added Room: Name=RasPi-BplusHAT-RELAY
