Removed Pin From Net: NetName=+3V3 Pin=J2-1
Removed Pin From Net: NetName=+3V3 Pin=J2-2
Removed Pin From Net: NetName=+3V3 Pin=J3-1
Removed Pin From Net: NetName=+3V3 Pin=J3-2
Removed Pin From Net: NetName=+3V3 Pin=J4-1
Removed Pin From Net: NetName=+3V3 Pin=J4-2
Removed Pin From Net: NetName=+3V3 Pin=J5-1
Removed Pin From Net: NetName=+3V3 Pin=J5-2
Removed Pin From Net: NetName=GND Pin=J6-1
Removed Pin From Net: NetName=GND Pin=J6-2
Removed Pin From Net: NetName=GND Pin=J7-1
Removed Pin From Net: NetName=GND Pin=J7-2
Removed Pin From Net: NetName=GND Pin=J8-1
Removed Pin From Net: NetName=GND Pin=J8-2
Removed Pin From Net: NetName=GND Pin=J9-1
Removed Pin From Net: NetName=GND Pin=J9-2
Removed Member From Class: ClassName=RasPiHAT-INPUT Member=J2
Removed Member From Class: ClassName=RasPiHAT-INPUT Member=J3
Removed Member From Class: ClassName=RasPiHAT-INPUT Member=J4
Removed Member From Class: ClassName=RasPiHAT-INPUT Member=J5
Removed Member From Class: ClassName=RasPiHAT-INPUT Member=J6
Removed Member From Class: ClassName=RasPiHAT-INPUT Member=J7
Removed Member From Class: ClassName=RasPiHAT-INPUT Member=J8
Removed Member From Class: ClassName=RasPiHAT-INPUT Member=J9
Added Component: Designator=P?(HDR1X8H)
Added Component: Designator=P?(HDR1X8H)
Added Pin To Net: NetName=+3V3 Pin=P?-1
Added Pin To Net: NetName=GND Pin=P?-1
Added Pin To Net: NetName=+3V3 Pin=P?-2
Added Pin To Net: NetName=GND Pin=P?-2
Added Pin To Net: NetName=+3V3 Pin=P?-3
Added Pin To Net: NetName=GND Pin=P?-3
Added Pin To Net: NetName=+3V3 Pin=P?-4
Added Pin To Net: NetName=GND Pin=P?-4
Added Pin To Net: NetName=+3V3 Pin=P?-5
Added Pin To Net: NetName=GND Pin=P?-5
Added Pin To Net: NetName=+3V3 Pin=P?-6
Added Pin To Net: NetName=GND Pin=P?-6
Added Pin To Net: NetName=+3V3 Pin=P?-7
Added Pin To Net: NetName=GND Pin=P?-7
Added Pin To Net: NetName=+3V3 Pin=P?-8
Added Pin To Net: NetName=GND Pin=P?-8
Added Member To Class: ClassName=RasPiHAT-INPUT Member=Component P? Header 8H
