Removed Pin From Net: NetName=NetP1_RM1_1 Pin=R3_RM1-1
Removed Pin From Net: NetName=NetP1_RM2_1 Pin=R3_RM2-1
Removed Pin From Net: NetName=NetP1_RM3_1 Pin=R3_RM3-1
Removed Pin From Net: NetName=NetP1_RM4_1 Pin=R3_RM4-1
Removed Member From Class: ClassName=RM1 Member=J1_RM1
Removed Member From Class: ClassName=RM2 Member=J1_RM2
Removed Member From Class: ClassName=RM3 Member=J1_RM3
Removed Member From Class: ClassName=RM4 Member=J1_RM4
Change Component DesignItemId : Designator=P1_RM1 Old DesignItemId=Header 3 New DesignItemId=Header 2
Change Component DesignItemId : Designator=P1_RM2 Old DesignItemId=Header 3 New DesignItemId=Header 2
Change Component DesignItemId : Designator=P1_RM3 Old DesignItemId=Header 3 New DesignItemId=Header 2
Change Component DesignItemId : Designator=P1_RM4 Old DesignItemId=Header 3 New DesignItemId=Header 2
Change Component Footprint: Designator=P1_RM1 Old Footprint=HDR1X3 New Footprint=2 PIN TERM BLK
Change Component Footprint: Designator=P1_RM2 Old Footprint=HDR1X3 New Footprint=2 PIN TERM BLK
Change Component Footprint: Designator=P1_RM3 Old Footprint=HDR1X3 New Footprint=2 PIN TERM BLK
Change Component Footprint: Designator=P1_RM4 Old Footprint=HDR1X3 New Footprint=2 PIN TERM BLK
Change Component Comment : Designator=P1_RM1 Old Comment=Header 3 New Comment=Header 2
Change Component Comment : Designator=P1_RM2 Old Comment=Header 3 New Comment=Header 2
Change Component Comment : Designator=P1_RM3 Old Comment=Header 3 New Comment=Header 2
Change Component Comment : Designator=P1_RM4 Old Comment=Header 3 New Comment=Header 2
Change Component Designator: OldDesignator=P2_RM1 NewDesignator=P3_RM1
Change Component Designator: OldDesignator=P2_RM2 NewDesignator=P3_RM2
Change Component Designator: OldDesignator=P2_RM3 NewDesignator=P3_RM3
Change Component Designator: OldDesignator=P2_RM4 NewDesignator=P3_RM4
Change Component Designator: OldDesignator=P3 NewDesignator=P4
Change Component Designator: OldDesignator=P3 NewDesignator=P5
Change Component Designator: OldDesignator=P3 NewDesignator=P6
Change Component Designator: OldDesignator=P3 NewDesignator=P7
Change Component Designator: OldDesignator=P3 NewDesignator=P8
Change Component Designator: OldDesignator=P3 NewDesignator=P9
Change Component Designator: OldDesignator=P3 NewDesignator=P10
Change Component Designator: OldDesignator=P4 NewDesignator=P11
Added Component: Designator=P2_RM1(HDR1X3)
Added Component: Designator=P2_RM2(HDR1X3)
Added Component: Designator=P2_RM3(HDR1X3)
Added Component: Designator=P2_RM4(HDR1X3)
Added Pin To Net: NetName=NetP1_RM1_1 Pin=P1_RM1-2
Added Pin To Net: NetName=NetP1_RM1_1 Pin=P1_RM1-2
Added Pin To Net: NetName=NetP1_RM2_1 Pin=P1_RM2-2
Added Pin To Net: NetName=NetP1_RM2_1 Pin=P1_RM2-2
Added Pin To Net: NetName=NetP1_RM3_1 Pin=P1_RM3-2
Added Pin To Net: NetName=NetP1_RM3_1 Pin=P1_RM3-2
Added Pin To Net: NetName=NetP1_RM4_1 Pin=P1_RM4-2
Added Pin To Net: NetName=NetP1_RM4_1 Pin=P1_RM4-2
Added Pin To Net: NetName=NetP1_RM1_1 Pin=R1_RM1-2
Added Pin To Net: NetName=NetP1_RM2_1 Pin=R1_RM2-2
Added Pin To Net: NetName=NetP1_RM3_1 Pin=R1_RM3-2
Added Pin To Net: NetName=NetP1_RM4_1 Pin=R1_RM4-2
Change Net Name : Old Net Name=NetP2_RM1_1 New Net Name=NetP3_RM1_1
Change Net Name : Old Net Name=NetP2_RM1_3 New Net Name=NetP3_RM1_3
Change Net Name : Old Net Name=NetP2_RM2_1 New Net Name=NetP3_RM2_1
Change Net Name : Old Net Name=NetP2_RM2_3 New Net Name=NetP3_RM2_3
Change Net Name : Old Net Name=NetP2_RM3_1 New Net Name=NetP3_RM3_1
Change Net Name : Old Net Name=NetP2_RM3_3 New Net Name=NetP3_RM3_3
Change Net Name : Old Net Name=NetP2_RM4_1 New Net Name=NetP3_RM4_1
Change Net Name : Old Net Name=NetP2_RM4_3 New Net Name=NetP3_RM4_3
Change Net Name : Old Net Name=NetP3_2 New Net Name=NetP10_2
Change Net Name : Old Net Name=NetP4_2 New Net Name=NetP11_2
Added Pin To Net: NetName=NetP1_RM1_2 Pin=P1_RM1-2
Added Pin To Net: NetName=NetP1_RM1_2 Pin=P1_RM1-2
Added Pin To Net: NetName=NetP1_RM1_2 Pin=P3_RM1-2
Added Pin To Net: NetName=NetP1_RM1_2 Pin=R4_RM1-2
Added Net: Name=NetP1_RM1_2
Added Pin To Net: NetName=NetP1_RM2_2 Pin=P1_RM2-2
Added Pin To Net: NetName=NetP1_RM2_2 Pin=P1_RM2-2
Added Pin To Net: NetName=NetP1_RM2_2 Pin=P3_RM2-2
Added Pin To Net: NetName=NetP1_RM2_2 Pin=R4_RM2-2
Added Net: Name=NetP1_RM2_2
Added Pin To Net: NetName=NetP1_RM3_2 Pin=P1_RM3-2
Added Pin To Net: NetName=NetP1_RM3_2 Pin=P1_RM3-2
Added Pin To Net: NetName=NetP1_RM3_2 Pin=P3_RM3-2
Added Pin To Net: NetName=NetP1_RM3_2 Pin=R4_RM3-2
Added Net: Name=NetP1_RM3_2
Added Pin To Net: NetName=NetP1_RM4_2 Pin=P1_RM4-2
Added Pin To Net: NetName=NetP1_RM4_2 Pin=P1_RM4-2
Added Pin To Net: NetName=NetP1_RM4_2 Pin=P3_RM4-2
Added Pin To Net: NetName=NetP1_RM4_2 Pin=R4_RM4-2
Added Net: Name=NetP1_RM4_2
Added Pin To Net: NetName=NetP2_RM1_1 Pin=P1_RM1-1
Added Pin To Net: NetName=NetP2_RM1_1 Pin=P1_RM1-1
Added Pin To Net: NetName=NetP2_RM1_1 Pin=R3_RM1-1
Added Net: Name=NetP2_RM1_1
Added Pin To Net: NetName=NetP2_RM1_3 Pin=R2_RM1-2
Added Net: Name=NetP2_RM1_3
Added Pin To Net: NetName=NetP2_RM2_1 Pin=P1_RM2-1
Added Pin To Net: NetName=NetP2_RM2_1 Pin=P1_RM2-1
Added Pin To Net: NetName=NetP2_RM2_1 Pin=R3_RM2-1
Added Net: Name=NetP2_RM2_1
Added Pin To Net: NetName=NetP2_RM2_3 Pin=R2_RM2-2
Added Net: Name=NetP2_RM2_3
Added Pin To Net: NetName=NetP2_RM3_1 Pin=P1_RM3-1
Added Pin To Net: NetName=NetP2_RM3_1 Pin=P1_RM3-1
Added Pin To Net: NetName=NetP2_RM3_1 Pin=R3_RM3-1
Added Net: Name=NetP2_RM3_1
Added Pin To Net: NetName=NetP2_RM3_3 Pin=R2_RM3-2
Added Net: Name=NetP2_RM3_3
Added Pin To Net: NetName=NetP2_RM4_1 Pin=P1_RM4-1
Added Pin To Net: NetName=NetP2_RM4_1 Pin=P1_RM4-1
Added Pin To Net: NetName=NetP2_RM4_1 Pin=R3_RM4-1
Added Net: Name=NetP2_RM4_1
Added Pin To Net: NetName=NetP2_RM4_3 Pin=R2_RM4-2
Added Net: Name=NetP2_RM4_3
Added Member To Class: ClassName=RM1 Member=Component P3_RM1 (P3) Header 3
Added Member To Class: ClassName=RM2 Member=Component P3_RM2 (P3) Header 3
Added Member To Class: ClassName=RM3 Member=Component P3_RM3 (P3) Header 3
Added Member To Class: ClassName=RM4 Member=Component P3_RM4 (P3) Header 3
Added Member To Class: ClassName=RasPiHAT-INPUT Member=Component P5 Header 2
Added Member To Class: ClassName=RasPiHAT-INPUT Member=Component P6 Header 2
Added Member To Class: ClassName=RasPiHAT-INPUT Member=Component P7 Header 2
Added Member To Class: ClassName=RasPiHAT-INPUT Member=Component P8 Header 2
Added Member To Class: ClassName=RasPiHAT-INPUT Member=Component P9 Header 2
Added Member To Class: ClassName=RasPiHAT-INPUT Member=Component P11 Header 2
