Removed Pin From Net: NetName=NetP2_RM1_1 Pin=P1_RM1-1
Removed Pin From Net: NetName=NetP2_RM1_1 Pin=P1_RM1-1
Removed Pin From Net: NetName=NetP2_RM2_1 Pin=P1_RM2-1
Removed Pin From Net: NetName=NetP2_RM2_1 Pin=P1_RM2-1
Removed Pin From Net: NetName=NetP2_RM3_1 Pin=P1_RM3-1
Removed Pin From Net: NetName=NetP2_RM3_1 Pin=P1_RM3-1
Removed Pin From Net: NetName=NetP2_RM4_1 Pin=P1_RM4-1
Removed Pin From Net: NetName=NetP2_RM4_1 Pin=P1_RM4-1
Added Component: Designator=P2_RM1(HDR1X3)
Added Component: Designator=P2_RM2(HDR1X3)
Added Component: Designator=P2_RM3(HDR1X3)
Added Component: Designator=P2_RM4(HDR1X3)
Added Pin To Net: NetName=NetP1_RM1_1 Pin=P1_RM1-1
Added Pin To Net: NetName=NetP1_RM1_1 Pin=P1_RM1-1
Added Pin To Net: NetName=NetP1_RM2_1 Pin=P1_RM2-1
Added Pin To Net: NetName=NetP1_RM2_1 Pin=P1_RM2-1
Added Pin To Net: NetName=NetP1_RM3_1 Pin=P1_RM3-1
Added Pin To Net: NetName=NetP1_RM3_1 Pin=P1_RM3-1
Added Pin To Net: NetName=NetP1_RM4_1 Pin=P1_RM4-1
Added Pin To Net: NetName=NetP1_RM4_1 Pin=P1_RM4-1
Added Pin To Net: NetName=NetP2_RM1_1 Pin=P1_RM1-1
Added Pin To Net: NetName=NetP2_RM1_1 Pin=P1_RM1-1
Added Pin To Net: NetName=NetP1_RM1_1 Pin=P1_RM1-2
Added Pin To Net: NetName=NetP1_RM1_1 Pin=P1_RM1-2
Added Pin To Net: NetName=NetP2_RM2_1 Pin=P1_RM2-1
Added Pin To Net: NetName=NetP2_RM2_1 Pin=P1_RM2-1
Added Pin To Net: NetName=NetP1_RM2_1 Pin=P1_RM2-2
Added Pin To Net: NetName=NetP1_RM2_1 Pin=P1_RM2-2
Added Pin To Net: NetName=NetP2_RM3_1 Pin=P1_RM3-1
Added Pin To Net: NetName=NetP2_RM3_1 Pin=P1_RM3-1
Added Pin To Net: NetName=NetP1_RM3_1 Pin=P1_RM3-2
Added Pin To Net: NetName=NetP1_RM3_1 Pin=P1_RM3-2
Added Pin To Net: NetName=NetP2_RM4_1 Pin=P1_RM4-1
Added Pin To Net: NetName=NetP2_RM4_1 Pin=P1_RM4-1
Added Pin To Net: NetName=NetP1_RM4_1 Pin=P1_RM4-2
Added Pin To Net: NetName=NetP1_RM4_1 Pin=P1_RM4-2
Added Member To Class: ClassName=RM1 Member=Component P2_RM1 (P2) Header 3
Added Member To Class: ClassName=RM2 Member=Component P2_RM2 (P2) Header 3
Added Member To Class: ClassName=RM3 Member=Component P2_RM3 (P2) Header 3
Added Member To Class: ClassName=RM4 Member=Component P2_RM4 (P2) Header 3
Added Member To Class: ClassName=RasPiHAT-INPUT Member=Component P4 Header 2
Added Member To Class: ClassName=RasPiHAT-INPUT Member=Component P10 Header 2
