Removed Pin From Net: NetName=+3V3 Pin=P?-1
Removed Pin From Net: NetName=GND Pin=P?-1
Removed Pin From Net: NetName=+3V3 Pin=P?-2
Removed Pin From Net: NetName=GND Pin=P?-2
Removed Pin From Net: NetName=+3V3 Pin=P?-3
Removed Pin From Net: NetName=GND Pin=P?-3
Removed Pin From Net: NetName=+3V3 Pin=P?-4
Removed Pin From Net: NetName=GND Pin=P?-4
Removed Pin From Net: NetName=+3V3 Pin=P?-5
Removed Pin From Net: NetName=GND Pin=P?-5
Removed Pin From Net: NetName=+3V3 Pin=P?-6
Removed Pin From Net: NetName=GND Pin=P?-6
Removed Pin From Net: NetName=+3V3 Pin=P?-7
Removed Pin From Net: NetName=GND Pin=P?-7
Removed Pin From Net: NetName=+3V3 Pin=P?-8
Removed Pin From Net: NetName=GND Pin=P?-8
Added Component: Designator=P3(2 PIN TERM BLK)
Added Component: Designator=P3(2 PIN TERM BLK)
Added Component: Designator=P3(2 PIN TERM BLK)
Added Component: Designator=P3(2 PIN TERM BLK)
Added Component: Designator=P3(2 PIN TERM BLK)
Added Component: Designator=P3(2 PIN TERM BLK)
Added Pin To Net: NetName=+3V3 Pin=P3-1
Added Pin To Net: NetName=+3V3 Pin=P3-1
Added Pin To Net: NetName=+3V3 Pin=P3-1
Added Pin To Net: NetName=+3V3 Pin=P3-1
Added Pin To Net: NetName=+3V3 Pin=P3-1
Added Pin To Net: NetName=+3V3 Pin=P3-1
Added Pin To Net: NetName=GND Pin=P3-1
Added Pin To Net: NetName=GND Pin=P3-1
Added Pin To Net: NetName=GND Pin=P3-1
Added Pin To Net: NetName=GND Pin=P3-1
Added Pin To Net: NetName=GND Pin=P3-1
Added Pin To Net: NetName=GND Pin=P3-1
Added Pin To Net: NetName=+3V3 Pin=P3-2
Added Pin To Net: NetName=+3V3 Pin=P3-2
Added Pin To Net: NetName=+3V3 Pin=P3-2
Added Pin To Net: NetName=+3V3 Pin=P3-2
Added Pin To Net: NetName=+3V3 Pin=P3-2
Added Pin To Net: NetName=+3V3 Pin=P3-2
Added Pin To Net: NetName=GND Pin=P3-2
Added Pin To Net: NetName=GND Pin=P3-2
Added Pin To Net: NetName=GND Pin=P3-2
Added Pin To Net: NetName=GND Pin=P3-2
Added Pin To Net: NetName=GND Pin=P3-2
Added Pin To Net: NetName=GND Pin=P3-2
