Removed Pin From Net: NetName=GND Pin=C1_RM1-2
Removed Pin From Net: NetName=GND Pin=C1_RM2-2
Removed Pin From Net: NetName=GND Pin=C1_RM3-2
Removed Pin From Net: NetName=GND Pin=C1_RM4-2
Removed Pin From Net: NetName=GND Pin=C1_RM5-2
Removed Pin From Net: NetName=GND Pin=C1_RM6-2
Removed Pin From Net: NetName=GND Pin=C1_RM7-2
Removed Pin From Net: NetName=GND Pin=C4-1
Removed Pin From Net: NetName=+3V3 Pin=C4-2
Removed Pin From Net: NetName=+3V3 Pin=C5-1
Removed Pin From Net: NetName=GND Pin=C5-2
Removed Pin From Net: NetName=GND Pin=D1-C
Removed Pin From Net: NetName=SDA Pin=P2-1
Removed Pin From Net: NetName=GND Pin=R2_RM1-1
Removed Pin From Net: NetName=GND Pin=R2_RM2-1
Removed Pin From Net: NetName=GND Pin=R2_RM3-1
Removed Pin From Net: NetName=GND Pin=R2_RM4-1
Removed Pin From Net: NetName=GND Pin=R2_RM5-1
Removed Pin From Net: NetName=GND Pin=R2_RM6-1
Removed Pin From Net: NetName=GND Pin=R2_RM7-1
Removed Pin From Net: NetName=+3V3 Pin=S1_RM1-2
Removed Pin From Net: NetName=+3V3 Pin=S1_RM2-2
Removed Pin From Net: NetName=+3V3 Pin=S1_RM3-2
Removed Pin From Net: NetName=+3V3 Pin=S1_RM4-2
Removed Pin From Net: NetName=+3V3 Pin=S1_RM5-2
Removed Pin From Net: NetName=+3V3 Pin=S1_RM6-2
Removed Pin From Net: NetName=+3V3 Pin=S1_RM7-2
Removed Pin From Net: NetName=GND Pin=U1-1
Removed Pin From Net: NetName=+3V3 Pin=U1-2
Removed Pin From Net: NetName=SCL Pin=U1-3
Removed Pin From Net: NetName=SDA Pin=U1-4
Removed Pin From Net: NetName=INTERRUPT Pin=U2-8
Removed Pin From Net: NetName=GND Pin=U2-10
Removed Pin From Net: NetName=SCL Pin=U2-18
Removed Pin From Net: NetName=SDA Pin=U2-19
Removed Pin From Net: NetName=+3V3 Pin=U2-20
Removed Member From Class: ClassName=RM1 Member=C1_RM1
Removed Member From Class: ClassName=RM2 Member=C1_RM2
Removed Member From Class: ClassName=RM3 Member=C1_RM3
Removed Member From Class: ClassName=RM4 Member=C1_RM4
Removed Member From Class: ClassName=RasPiHAT-DISPLAY Member=C4
Removed Member From Class: ClassName=RasPiHAT-DISPLAY Member=C5
Removed Member From Class: ClassName=RasPiHAT-DISPLAY Member=D1
Removed Member From Class: ClassName=RasPiHAT-DISPLAY Member=P2
Removed Member From Class: ClassName=RasPiHAT-DISPLAY Member=R7
Removed Member From Class: ClassName=RM1 Member=S1_RM1
Removed Member From Class: ClassName=RM2 Member=S1_RM2
Removed Member From Class: ClassName=RM3 Member=S1_RM3
Removed Member From Class: ClassName=RM4 Member=S1_RM4
Removed Member From Class: ClassName=RasPiHAT-DISPLAY Member=U2
Change Component DesignItemId : Designator=U1 Old DesignItemId=0.96" OLED LCD New DesignItemId=PCA9501
Change Component DesignItemId : Designator=R1_RM1 Old DesignItemId=Res3 New DesignItemId=Res1
Change Component DesignItemId : Designator=R1_RM2 Old DesignItemId=Res3 New DesignItemId=Res1
Change Component DesignItemId : Designator=R1_RM3 Old DesignItemId=Res3 New DesignItemId=Res1
Change Component DesignItemId : Designator=R1_RM4 Old DesignItemId=Res3 New DesignItemId=Res1
Change Component DesignItemId : Designator=R2_RM1 Old DesignItemId=Res3 New DesignItemId=Res1
Change Component DesignItemId : Designator=R2_RM2 Old DesignItemId=Res3 New DesignItemId=Res1
Change Component DesignItemId : Designator=R2_RM3 Old DesignItemId=Res3 New DesignItemId=Res1
Change Component DesignItemId : Designator=R2_RM4 Old DesignItemId=Res3 New DesignItemId=Res1
Change Component Footprint: Designator=U1 Old Footprint=0.96 OLED LCD New Footprint=TSSOP20
Change Component Comment : Designator=U1 Old Comment=0.96" OLED LCD New Comment=PCA9501
Change Component Comment : Designator=R1_RM1 Old Comment=0805 New Comment=Res1
Change Component Comment : Designator=R1_RM2 Old Comment=0805 New Comment=Res1
Change Component Comment : Designator=R1_RM3 Old Comment=0805 New Comment=Res1
Change Component Comment : Designator=R1_RM4 Old Comment=0805 New Comment=Res1
Change Component Comment : Designator=R2_RM1 Old Comment=0805 New Comment=Res1
Change Component Comment : Designator=R2_RM2 Old Comment=0805 New Comment=Res1
Change Component Comment : Designator=R2_RM3 Old Comment=0805 New Comment=Res1
Change Component Comment : Designator=R2_RM4 Old Comment=0805 New Comment=Res1
Change Component Designator: OldDesignator=P1 NewDesignator=P3
Change Component Designator: OldDesignator=R3 NewDesignator=R7
Change Component Designator: OldDesignator=R4 NewDesignator=R8
Change Component Designator: OldDesignator=R5 NewDesignator=R9
Change Component Designator: OldDesignator=R6 NewDesignator=R10
Change Component Designator: OldDesignator=S2 NewDesignator=S1
Change Component Description : Designator=R1_RM1 Old Description=Resistor, 0.25W New Description=Resistor
Change Component Description : Designator=R1_RM2 Old Description=Resistor, 0.25W New Description=Resistor
Change Component Description : Designator=R1_RM3 Old Description=Resistor, 0.25W New Description=Resistor
Change Component Description : Designator=R1_RM4 Old Description=Resistor, 0.25W New Description=Resistor
Change Component Description : Designator=R2_RM1 Old Description=Resistor, 0.25W New Description=Resistor
Change Component Description : Designator=R2_RM2 Old Description=Resistor, 0.25W New Description=Resistor
Change Component Description : Designator=R2_RM3 Old Description=Resistor, 0.25W New Description=Resistor
Change Component Description : Designator=R2_RM4 Old Description=Resistor, 0.25W New Description=Resistor
Added Component: Designator=C1(6-0805_N)
Added Component: Designator=P1_RM1(HDR1X3)
Added Component: Designator=P1_RM2(HDR1X3)
Added Component: Designator=P1_RM3(HDR1X3)
Added Component: Designator=P1_RM4(HDR1X3)
Added Component: Designator=P2_RM1(HDR1X3)
Added Component: Designator=P2_RM2(HDR1X3)
Added Component: Designator=P2_RM3(HDR1X3)
Added Component: Designator=P2_RM4(HDR1X3)
Added Component: Designator=P4(HDR1X2)
Added Component: Designator=R3_RM1(6-0805_N)
Added Component: Designator=R3_RM2(6-0805_N)
Added Component: Designator=R3_RM3(6-0805_N)
Added Component: Designator=R3_RM4(6-0805_N)
Added Component: Designator=R4_RM1(6-0805_N)
Added Component: Designator=R4_RM2(6-0805_N)
Added Component: Designator=R4_RM3(6-0805_N)
Added Component: Designator=R4_RM4(6-0805_N)
Added Component: Designator=R5_RM1(6-0805_N)
Added Component: Designator=R5_RM2(6-0805_N)
Added Component: Designator=R5_RM3(6-0805_N)
Added Component: Designator=R5_RM4(6-0805_N)
Added Component: Designator=R6_RM1(6-0805_N)
Added Component: Designator=R6_RM2(6-0805_N)
Added Component: Designator=R6_RM3(6-0805_N)
Added Component: Designator=R6_RM4(6-0805_N)
Added Pin To Net: NetName=GND Pin=C1-1
Added Pin To Net: NetName=+3V3 Pin=C1-2
Added Pin To Net: NetName=SDA Pin=P4-1
Added Pin To Net: NetName=+3V3 Pin=R2_RM1-1
Added Pin To Net: NetName=+3V3 Pin=R2_RM2-1
Added Pin To Net: NetName=+3V3 Pin=R2_RM3-1
Added Pin To Net: NetName=+3V3 Pin=R2_RM4-1
Added Pin To Net: NetName=GND Pin=R3_RM1-2
Added Pin To Net: NetName=GND Pin=R3_RM2-2
Added Pin To Net: NetName=GND Pin=R3_RM3-2
Added Pin To Net: NetName=GND Pin=R3_RM4-2
Added Pin To Net: NetName=+3V3 Pin=R5_RM1-1
Added Pin To Net: NetName=+3V3 Pin=R5_RM2-1
Added Pin To Net: NetName=+3V3 Pin=R5_RM3-1
Added Pin To Net: NetName=+3V3 Pin=R5_RM4-1
Added Pin To Net: NetName=GND Pin=R6_RM1-2
Added Pin To Net: NetName=GND Pin=R6_RM2-2
Added Pin To Net: NetName=GND Pin=R6_RM3-2
Added Pin To Net: NetName=GND Pin=R6_RM4-2
Added Pin To Net: NetName=INTERRUPT Pin=U1-8
Added Pin To Net: NetName=GND Pin=U1-10
Added Pin To Net: NetName=EEPROM_WC Pin=U1-17
Added Pin To Net: NetName=SCL Pin=U1-18
Added Pin To Net: NetName=SDA Pin=U1-19
Added Pin To Net: NetName=+3V3 Pin=U1-20
Change Net Name : Old Net Name=NetP1_2 New Net Name=NetP3_2
Added Pin To Net: NetName=NetJ1_RM1_1 Pin=P1_RM1-2
Added Pin To Net: NetName=NetJ1_RM1_1 Pin=R1_RM1-2
Added Net: Name=NetJ1_RM1_1
Added Pin To Net: NetName=NetJ1_RM1_2 Pin=P2_RM1-2
Added Pin To Net: NetName=NetJ1_RM1_2 Pin=R4_RM1-2
Added Net: Name=NetJ1_RM1_2
Added Pin To Net: NetName=NetJ1_RM2_1 Pin=P1_RM2-2
Added Pin To Net: NetName=NetJ1_RM2_1 Pin=R1_RM2-2
Added Net: Name=NetJ1_RM2_1
Added Pin To Net: NetName=NetJ1_RM2_2 Pin=P2_RM2-2
Added Pin To Net: NetName=NetJ1_RM2_2 Pin=R4_RM2-2
Added Net: Name=NetJ1_RM2_2
Added Pin To Net: NetName=NetJ1_RM3_1 Pin=P1_RM3-2
Added Pin To Net: NetName=NetJ1_RM3_1 Pin=R1_RM3-2
Added Net: Name=NetJ1_RM3_1
Added Pin To Net: NetName=NetJ1_RM3_2 Pin=P2_RM3-2
Added Pin To Net: NetName=NetJ1_RM3_2 Pin=R4_RM3-2
Added Net: Name=NetJ1_RM3_2
Added Pin To Net: NetName=NetJ1_RM4_1 Pin=P1_RM4-2
Added Pin To Net: NetName=NetJ1_RM4_1 Pin=R1_RM4-2
Added Net: Name=NetJ1_RM4_1
Added Pin To Net: NetName=NetJ1_RM4_2 Pin=P2_RM4-2
Added Pin To Net: NetName=NetJ1_RM4_2 Pin=R4_RM4-2
Added Net: Name=NetJ1_RM4_2
Added Pin To Net: NetName=NetP1_RM1_1 Pin=P1_RM1-1
Added Pin To Net: NetName=NetP1_RM1_1 Pin=R3_RM1-1
Added Net: Name=NetP1_RM1_1
Added Pin To Net: NetName=NetP1_RM1_3 Pin=P1_RM1-3
Added Pin To Net: NetName=NetP1_RM1_3 Pin=R2_RM1-2
Added Net: Name=NetP1_RM1_3
Added Pin To Net: NetName=NetP1_RM2_1 Pin=P1_RM2-1
Added Pin To Net: NetName=NetP1_RM2_1 Pin=R3_RM2-1
Added Net: Name=NetP1_RM2_1
Added Pin To Net: NetName=NetP1_RM2_3 Pin=P1_RM2-3
Added Pin To Net: NetName=NetP1_RM2_3 Pin=R2_RM2-2
Added Net: Name=NetP1_RM2_3
Added Pin To Net: NetName=NetP1_RM3_1 Pin=P1_RM3-1
Added Pin To Net: NetName=NetP1_RM3_1 Pin=R3_RM3-1
Added Net: Name=NetP1_RM3_1
Added Pin To Net: NetName=NetP1_RM3_3 Pin=P1_RM3-3
Added Pin To Net: NetName=NetP1_RM3_3 Pin=R2_RM3-2
Added Net: Name=NetP1_RM3_3
Added Pin To Net: NetName=NetP1_RM4_1 Pin=P1_RM4-1
Added Pin To Net: NetName=NetP1_RM4_1 Pin=R3_RM4-1
Added Net: Name=NetP1_RM4_1
Added Pin To Net: NetName=NetP1_RM4_3 Pin=P1_RM4-3
Added Pin To Net: NetName=NetP1_RM4_3 Pin=R2_RM4-2
Added Net: Name=NetP1_RM4_3
Added Pin To Net: NetName=NetP2_RM1_1 Pin=P2_RM1-1
Added Pin To Net: NetName=NetP2_RM1_1 Pin=R6_RM1-1
Added Net: Name=NetP2_RM1_1
Added Pin To Net: NetName=NetP2_RM1_3 Pin=P2_RM1-3
Added Pin To Net: NetName=NetP2_RM1_3 Pin=R5_RM1-2
Added Net: Name=NetP2_RM1_3
Added Pin To Net: NetName=NetP2_RM2_1 Pin=P2_RM2-1
Added Pin To Net: NetName=NetP2_RM2_1 Pin=R6_RM2-1
Added Net: Name=NetP2_RM2_1
Added Pin To Net: NetName=NetP2_RM2_3 Pin=P2_RM2-3
Added Pin To Net: NetName=NetP2_RM2_3 Pin=R5_RM2-2
Added Net: Name=NetP2_RM2_3
Added Pin To Net: NetName=NetP2_RM3_1 Pin=P2_RM3-1
Added Pin To Net: NetName=NetP2_RM3_1 Pin=R6_RM3-1
Added Net: Name=NetP2_RM3_1
Added Pin To Net: NetName=NetP2_RM3_3 Pin=P2_RM3-3
Added Pin To Net: NetName=NetP2_RM3_3 Pin=R5_RM3-2
Added Net: Name=NetP2_RM3_3
Added Pin To Net: NetName=NetP2_RM4_1 Pin=P2_RM4-1
Added Pin To Net: NetName=NetP2_RM4_1 Pin=R6_RM4-1
Added Net: Name=NetP2_RM4_1
Added Pin To Net: NetName=NetP2_RM4_3 Pin=P2_RM4-3
Added Pin To Net: NetName=NetP2_RM4_3 Pin=R5_RM4-2
Added Net: Name=NetP2_RM4_3
Added Pin To Net: NetName=NetP4_2 Pin=P4-2
Added Pin To Net: NetName=NetP4_2 Pin=R10-2
Added Net: Name=NetP4_2
Added Pin To Net: NetName=NetR1_RM1_1 Pin=R1_RM1-1
Added Pin To Net: NetName=NetR1_RM1_1 Pin=U1-16
Added Net: Name=NetR1_RM1_1
Added Pin To Net: NetName=NetR1_RM2_1 Pin=R1_RM2-1
Added Pin To Net: NetName=NetR1_RM2_1 Pin=U1-14
Added Net: Name=NetR1_RM2_1
Added Pin To Net: NetName=NetR1_RM3_1 Pin=R1_RM3-1
Added Pin To Net: NetName=NetR1_RM3_1 Pin=U1-7
Added Net: Name=NetR1_RM3_1
Added Pin To Net: NetName=NetR1_RM4_1 Pin=R1_RM4-1
Added Pin To Net: NetName=NetR1_RM4_1 Pin=U1-5
Added Net: Name=NetR1_RM4_1
Added Pin To Net: NetName=NetR4_RM1_1 Pin=R4_RM1-1
Added Pin To Net: NetName=NetR4_RM1_1 Pin=U1-15
Added Net: Name=NetR4_RM1_1
Added Pin To Net: NetName=NetR4_RM2_1 Pin=R4_RM2-1
Added Pin To Net: NetName=NetR4_RM2_1 Pin=U1-13
Added Net: Name=NetR4_RM2_1
Added Pin To Net: NetName=NetR4_RM3_1 Pin=R4_RM3-1
Added Pin To Net: NetName=NetR4_RM3_1 Pin=U1-6
Added Net: Name=NetR4_RM3_1
Added Pin To Net: NetName=NetR4_RM4_1 Pin=R4_RM4-1
Added Pin To Net: NetName=NetR4_RM4_1 Pin=U1-4
Added Net: Name=NetR4_RM4_1
Added Pin To Net: NetName=NetS1_7 Pin=S1-7
Added Pin To Net: NetName=NetS1_7 Pin=U1-1
Added Net: Name=NetS1_7
Added Pin To Net: NetName=NetS1_8 Pin=S1-8
Added Pin To Net: NetName=NetS1_8 Pin=U1-2
Added Net: Name=NetS1_8
Added Pin To Net: NetName=NetS1_9 Pin=S1-9
Added Pin To Net: NetName=NetS1_9 Pin=U1-3
Added Net: Name=NetS1_9
Added Pin To Net: NetName=NetS1_10 Pin=S1-10
Added Pin To Net: NetName=NetS1_10 Pin=U1-12
Added Net: Name=NetS1_10
Added Pin To Net: NetName=NetS1_11 Pin=S1-11
Added Pin To Net: NetName=NetS1_11 Pin=U1-11
Added Net: Name=NetS1_11
Added Pin To Net: NetName=NetS1_12 Pin=S1-12
Added Pin To Net: NetName=NetS1_12 Pin=U1-9
Added Net: Name=NetS1_12
Change Class Name : Old Net Name=RasPiHAT-DISPLAY New Net Name=RasPiHAT-INPUT
Added Class: Name=Input
Added Member To Class: ClassName=RasPiHAT-INPUT Member=Component C1 Cap
Added Member To Class: ClassName=RM1 Member=Component P1_RM1 (P1) Header 3
Added Member To Class: ClassName=RM2 Member=Component P1_RM2 (P1) Header 3
Added Member To Class: ClassName=RM3 Member=Component P1_RM3 (P1) Header 3
Added Member To Class: ClassName=RM4 Member=Component P1_RM4 (P1) Header 3
Added Member To Class: ClassName=RM1 Member=Component P2_RM1 (P2) Header 3
Added Member To Class: ClassName=RM2 Member=Component P2_RM2 (P2) Header 3
Added Member To Class: ClassName=RM3 Member=Component P2_RM3 (P2) Header 3
Added Member To Class: ClassName=RM4 Member=Component P2_RM4 (P2) Header 3
Added Member To Class: ClassName=RasPiHAT-INPUT Member=Component P4 Header 2
Added Member To Class: ClassName=RM1 Member=Component R3_RM1 (R3) Res1
Added Member To Class: ClassName=RM2 Member=Component R3_RM2 (R3) Res1
Added Member To Class: ClassName=RM3 Member=Component R3_RM3 (R3) Res1
Added Member To Class: ClassName=RM4 Member=Component R3_RM4 (R3) Res1
Added Member To Class: ClassName=RM1 Member=Component R4_RM1 (R4) Res1
Added Member To Class: ClassName=RM2 Member=Component R4_RM2 (R4) Res1
Added Member To Class: ClassName=RM3 Member=Component R4_RM3 (R4) Res1
Added Member To Class: ClassName=RM4 Member=Component R4_RM4 (R4) Res1
Added Member To Class: ClassName=RM1 Member=Component R5_RM1 (R5) Res1
Added Member To Class: ClassName=RM2 Member=Component R5_RM2 (R5) Res1
Added Member To Class: ClassName=RM3 Member=Component R5_RM3 (R5) Res1
Added Member To Class: ClassName=RM4 Member=Component R5_RM4 (R5) Res1
Added Member To Class: ClassName=RM1 Member=Component R6_RM1 (R6) Res1
Added Member To Class: ClassName=RM2 Member=Component R6_RM2 (R6) Res1
Added Member To Class: ClassName=RM3 Member=Component R6_RM3 (R6) Res1
Added Member To Class: ClassName=RM4 Member=Component R6_RM4 (R6) Res1
Change Room Name: Old Name=RM5 New Name=RasPiHAT-INPUT
Change Room Scope: Old Scope=InComponentClass('RM5') New Scope=InComponentClass('RasPiHAT-INPUT')
