Removed Pin From Net: NetName=NetS1_7 Pin=U1-1
Removed Pin From Net: NetName=NetS1_8 Pin=U1-2
Removed Pin From Net: NetName=NetS1_9 Pin=U1-3
Removed Pin From Net: NetName=NetR3_RM4_1 Pin=U1-4
Removed Pin From Net: NetName=NetR3_RM3_1 Pin=U1-5
Removed Pin From Net: NetName=NetR3_RM2_1 Pin=U1-6
Removed Pin From Net: NetName=NetR3_RM1_1 Pin=U1-7
Removed Pin From Net: NetName=INTERRUPT Pin=U1-8
Removed Pin From Net: NetName=NetS1_12 Pin=U1-9
Removed Pin From Net: NetName=GND Pin=U1-10
Removed Pin From Net: NetName=NetS1_11 Pin=U1-11
Removed Pin From Net: NetName=NetS1_10 Pin=U1-12
Removed Pin From Net: NetName=EEPROM_WC Pin=U1-17
Removed Pin From Net: NetName=SCL Pin=U1-18
Removed Pin From Net: NetName=SDA Pin=U1-19
Removed Pin From Net: NetName=+3V3 Pin=U1-20
Change Component Designator: OldDesignator=J1 NewDesignator=J3
Change Component Designator: OldDesignator=J2_RM1 NewDesignator=J1_RM1
Change Component Designator: OldDesignator=J2_RM2 NewDesignator=J1_RM2
Change Component Designator: OldDesignator=J2_RM3 NewDesignator=J1_RM3
Change Component Designator: OldDesignator=J2_RM4 NewDesignator=J1_RM4
Change Component Designator: OldDesignator=U2_RM1 NewDesignator=U1_RM1
Change Component Designator: OldDesignator=U2_RM2 NewDesignator=U1_RM2
Change Component Designator: OldDesignator=U2_RM3 NewDesignator=U1_RM3
Change Component Designator: OldDesignator=U2_RM4 NewDesignator=U1_RM4
Added Component: Designator=D3(LEDSC200X125X70-2N_598-8160-107F(Primary))
Added Component: Designator=R12(6-0805_N)
Added Component: Designator=R13(6-0805_N)
Added Component: Designator=R14(6-0805_N)
Added Component: Designator=R15(6-0805_N)
Added Component: Designator=R16(6-0805_N)
Added Component: Designator=U3(TSSOP20)
Added Pin To Net: NetName=GND Pin=D3-C
Added Pin To Net: NetName=+3V3 Pin=R12-1
Added Pin To Net: NetName=EEPROM_WC Pin=R12-2
Added Pin To Net: NetName=+3V3 Pin=R13-1
Added Pin To Net: NetName=INTERRUPT Pin=R13-2
Added Pin To Net: NetName=+3V3 Pin=R14-1
Added Pin To Net: NetName=SCL Pin=R14-2
Added Pin To Net: NetName=+3V3 Pin=R15-1
Added Pin To Net: NetName=SDA Pin=R15-2
Added Pin To Net: NetName=NetS1_7 Pin=U3-1
Added Pin To Net: NetName=NetS1_8 Pin=U3-2
Added Pin To Net: NetName=NetS1_9 Pin=U3-3
Added Pin To Net: NetName=NetR3_RM4_1 Pin=U3-4
Added Pin To Net: NetName=NetR3_RM3_1 Pin=U3-5
Added Pin To Net: NetName=NetR3_RM2_1 Pin=U3-6
Added Pin To Net: NetName=NetR3_RM1_1 Pin=U3-7
Added Pin To Net: NetName=INTERRUPT Pin=U3-8
Added Pin To Net: NetName=NetS1_12 Pin=U3-9
Added Pin To Net: NetName=GND Pin=U3-10
Added Pin To Net: NetName=NetS1_11 Pin=U3-11
Added Pin To Net: NetName=NetS1_10 Pin=U3-12
Added Pin To Net: NetName=EEPROM_WC Pin=U3-17
Added Pin To Net: NetName=SCL Pin=U3-18
Added Pin To Net: NetName=SDA Pin=U3-19
Added Pin To Net: NetName=+3V3 Pin=U3-20
Change Net Name : Old Net Name=NetJ2_RM1_1 New Net Name=NetJ1_RM1_1
Change Net Name : Old Net Name=NetJ2_RM1_2 New Net Name=NetJ1_RM1_2
Change Net Name : Old Net Name=NetJ2_RM2_1 New Net Name=NetJ1_RM2_1
Change Net Name : Old Net Name=NetJ2_RM2_2 New Net Name=NetJ1_RM2_2
Change Net Name : Old Net Name=NetJ2_RM3_1 New Net Name=NetJ1_RM3_1
Change Net Name : Old Net Name=NetJ2_RM3_2 New Net Name=NetJ1_RM3_2
Change Net Name : Old Net Name=NetJ2_RM4_1 New Net Name=NetJ1_RM4_1
Change Net Name : Old Net Name=NetJ2_RM4_2 New Net Name=NetJ1_RM4_2
Added Pin To Net: NetName=NetD3_A Pin=D3-A
Added Pin To Net: NetName=NetD3_A Pin=R16-2
Added Net: Name=NetD3_A
Added Pin To Net: NetName=NetR16_1 Pin=R16-1
Added Pin To Net: NetName=NetR16_1 Pin=U3-16
Added Net: Name=NetR16_1
Added Member To Class: ClassName=RasPi-BplusHAT-RELAY Member=Component C1 Cap
Added Member To Class: ClassName=RasPi-BplusHAT-RELAY Member=Component C2 Cap
Added Member To Class: ClassName=RasPi-BplusHAT-RELAY Member=Component C3 Cap
Added Member To Class: ClassName=RasPi-BplusHAT-RELAY Member=Component D3 0805_LED
Added Member To Class: ClassName=RasPi-BplusHAT-RELAY Member=Component R12 Res1
Added Member To Class: ClassName=RasPi-BplusHAT-RELAY Member=Component R13 Res1
Added Member To Class: ClassName=RasPi-BplusHAT-RELAY Member=Component R14 Res1
Added Member To Class: ClassName=RasPi-BplusHAT-RELAY Member=Component R15 Res1
Added Member To Class: ClassName=RasPi-BplusHAT-RELAY Member=Component R16 Res1
Added Member To Class: ClassName=RasPi-BplusHAT-RELAY Member=Component U3 PCA9501
