Removed Pin From Net: NetName=+3V3 Pin=P4-1
Removed Pin From Net: NetName=+3V3 Pin=P4-1
Removed Pin From Net: NetName=+3V3 Pin=P4-2
Removed Pin From Net: NetName=+3V3 Pin=P4-2
Removed Pin From Net: NetName=+3V3 Pin=P5-1
Removed Pin From Net: NetName=+3V3 Pin=P5-1
Removed Pin From Net: NetName=+3V3 Pin=P5-2
Removed Pin From Net: NetName=+3V3 Pin=P5-2
Removed Pin From Net: NetName=+3V3 Pin=P6-1
Removed Pin From Net: NetName=+3V3 Pin=P6-1
Removed Pin From Net: NetName=+3V3 Pin=P6-2
Removed Pin From Net: NetName=+3V3 Pin=P6-2
Removed Pin From Net: NetName=GND Pin=P7-1
Removed Pin From Net: NetName=GND Pin=P7-1
Removed Pin From Net: NetName=GND Pin=P7-2
Removed Pin From Net: NetName=GND Pin=P7-2
Removed Pin From Net: NetName=GND Pin=P8-1
Removed Pin From Net: NetName=GND Pin=P8-1
Removed Pin From Net: NetName=GND Pin=P8-2
Removed Pin From Net: NetName=GND Pin=P8-2
Removed Pin From Net: NetName=GND Pin=P9-1
Removed Pin From Net: NetName=GND Pin=P9-1
Removed Pin From Net: NetName=GND Pin=P9-2
Removed Pin From Net: NetName=GND Pin=P9-2
Removed Pin From Net: NetName=SCL Pin=P10-1
Removed Pin From Net: NetName=SDA Pin=P11-1
Removed Pin From Net: NetName=+3V3 Pin=R2_RM1-1
Removed Pin From Net: NetName=+3V3 Pin=R2_RM2-1
Removed Pin From Net: NetName=+3V3 Pin=R2_RM3-1
Removed Pin From Net: NetName=+3V3 Pin=R2_RM4-1
Removed Pin From Net: NetName=GND Pin=R3_RM1-2
Removed Pin From Net: NetName=GND Pin=R3_RM2-2
Removed Pin From Net: NetName=GND Pin=R3_RM3-2
Removed Pin From Net: NetName=GND Pin=R3_RM4-2
Removed Pin From Net: NetName=+3V3 Pin=R5_RM1-1
Removed Pin From Net: NetName=+3V3 Pin=R5_RM2-1
Removed Pin From Net: NetName=+3V3 Pin=R5_RM3-1
Removed Pin From Net: NetName=+3V3 Pin=R5_RM4-1
Removed Pin From Net: NetName=GND Pin=R6_RM1-2
Removed Pin From Net: NetName=GND Pin=R6_RM2-2
Removed Pin From Net: NetName=GND Pin=R6_RM3-2
Removed Pin From Net: NetName=GND Pin=R6_RM4-2
Removed Pin From Net: NetName=+3V3 Pin=R7-1
Removed Pin From Net: NetName=+3V3 Pin=R8-1
Removed Pin From Net: NetName=+3V3 Pin=R9-1
Removed Pin From Net: NetName=+3V3 Pin=R10-1
Removed Pin From Net: NetName=GND Pin=S1-1
Removed Pin From Net: NetName=GND Pin=S1-2
Removed Pin From Net: NetName=GND Pin=S1-3
Removed Pin From Net: NetName=GND Pin=S1-4
Removed Pin From Net: NetName=GND Pin=S1-5
Removed Pin From Net: NetName=GND Pin=S1-6
Removed Pin From Net: NetName=GND Pin=U1-10
Removed Pin From Net: NetName=SCL Pin=U1-18
Removed Pin From Net: NetName=SDA Pin=U1-19
Removed Pin From Net: NetName=+3V3 Pin=U1-20
Removed Member From Class: ClassName=RasPiHAT-INPUT Member=P4
Removed Member From Class: ClassName=RasPiHAT-INPUT Member=P5
Removed Member From Class: ClassName=RasPiHAT-INPUT Member=P6
Removed Member From Class: ClassName=RasPiHAT-INPUT Member=P7
Removed Member From Class: ClassName=RasPiHAT-INPUT Member=P8
Removed Member From Class: ClassName=RasPiHAT-INPUT Member=P9
Removed Member From Class: ClassName=RasPiHAT-INPUT Member=P10
Removed Member From Class: ClassName=RasPiHAT-INPUT Member=P11
Removed Member From Class: ClassName=RasPiHAT-INPUT Member=R7
Removed Member From Class: ClassName=RasPiHAT-INPUT Member=R8
Removed Member From Class: ClassName=RasPiHAT-INPUT Member=R9
Removed Member From Class: ClassName=RasPiHAT-INPUT Member=R10
Removed Member From Class: ClassName=RasPiHAT-INPUT Member=S1
Change Component DesignItemId : Designator=U1 Old DesignItemId=PCA9501 New DesignItemId=SC16IS740IPW
Change Component Comment : Designator=U1 Old Comment=PCA9501 New Comment=SC16IS740
Change Component Description : Designator=U1 Old Description= New Description=I2C to UART Interface
Change Component Library : Designator=U1 Old Library=PCA9501.SchLib New Library=SC16IS740.SchLib
Added Component: Designator=C4(6-0805_N)
Added Component: Designator=C5(6-0805_N)
Added Component: Designator=D1(LEDSC200X125X70-2N_598-8160-107F(Primary))
Added Component: Designator=J2(ShortableLink(4Way))
Added Component: Designator=J3(ShortableLink(4Way))
Added Component: Designator=J4(1760490000)
Added Component: Designator=P1(HDR1X2)
Added Component: Designator=P2(HDR1X2)
Added Component: Designator=P3(YX5300_UART)
Added Component: Designator=R1(6-0805_N)
Added Component: Designator=R2(6-0805_N)
Added Component: Designator=R3(6-0805_N)
Added Component: Designator=R3(6-0805_N)
Added Component: Designator=R5(6-0805_N)
Added Component: Designator=R5(6-0805_N)
Added Component: Designator=Y1(R38)
Added Pin To Net: NetName=GND Pin=C4-1
Added Pin To Net: NetName=GND Pin=C5-2
Added Pin To Net: NetName=GND Pin=D1-C
Added Pin To Net: NetName=SDA Pin=J2-2
Added Pin To Net: NetName=SCL Pin=J2-3
Added Pin To Net: NetName=GND Pin=J2-4
Added Pin To Net: NetName=+3V3 Pin=J2-5
Added Pin To Net: NetName=SDA Pin=J3-2
Added Pin To Net: NetName=SCL Pin=J3-3
Added Pin To Net: NetName=GND Pin=J3-4
Added Pin To Net: NetName=+3V3 Pin=J3-5
Added Pin To Net: NetName=SDA Pin=P1-1
Added Pin To Net: NetName=SCL Pin=P2-1
Added Pin To Net: NetName=GND Pin=P3-1
Added Pin To Net: NetName=+3V3 Pin=P3-2
Added Pin To Net: NetName=+3V3 Pin=R1-1
Added Pin To Net: NetName=+3V3 Pin=R2-1
Added Pin To Net: NetName=+3V3 Pin=R3-1
Added Pin To Net: NetName=+3V3 Pin=R3-1
Added Pin To Net: NetName=+3V3 Pin=U1-1
Added Pin To Net: NetName=SCL Pin=U1-5
Added Pin To Net: NetName=SDA Pin=U1-6
Added Pin To Net: NetName=+3V3 Pin=U1-8
Added Pin To Net: NetName=GND Pin=U1-9
Added Pin To Net: NetName=GND Pin=U1-11
Added Pin To Net: NetName=+3V3 Pin=U1-14
Added Pin To Net: NetName=IRQ Pin=K1-13
Added Pin To Net: NetName=IRQ Pin=R3-2
Added Pin To Net: NetName=IRQ Pin=U1-7
Added Net: Name=IRQ
Added Pin To Net: NetName=NetC4_2 Pin=C4-2
Added Pin To Net: NetName=NetC4_2 Pin=U1-16
Added Pin To Net: NetName=NetC4_2 Pin=Y1-1
Added Net: Name=NetC4_2
Added Pin To Net: NetName=NetC5_1 Pin=C5-1
Added Pin To Net: NetName=NetC5_1 Pin=U1-15
Added Pin To Net: NetName=NetC5_1 Pin=Y1-2
Added Net: Name=NetC5_1
Added Pin To Net: NetName=NetD1_A Pin=D1-A
Added Pin To Net: NetName=NetD1_A Pin=R1-2
Added Net: Name=NetD1_A
Added Pin To Net: NetName=NetJ2_1 Pin=J2-1
Added Pin To Net: NetName=NetJ2_1 Pin=R5-1
Added Net: Name=NetJ2_1
Added Pin To Net: NetName=NetJ3_1 Pin=J3-1
Added Pin To Net: NetName=NetJ3_1 Pin=R5-1
Added Net: Name=NetJ3_1
Added Pin To Net: NetName=NetP1_2 Pin=P1-2
Added Pin To Net: NetName=NetP1_2 Pin=R2-2
Added Net: Name=NetP1_2
Added Pin To Net: NetName=NetP2_2 Pin=P2-2
Added Pin To Net: NetName=NetP2_2 Pin=R3-2
Added Net: Name=NetP2_2
Added Pin To Net: NetName=NetP3_3 Pin=P3-3
Added Pin To Net: NetName=NetP3_3 Pin=U1-13
Added Net: Name=NetP3_3
Added Pin To Net: NetName=NetP3_4 Pin=P3-4
Added Pin To Net: NetName=NetP3_4 Pin=U1-12
Added Net: Name=NetP3_4
Added Pin To Net: NetName=NetR5_2 Pin=R5-2
Added Pin To Net: NetName=NetR5_2 Pin=U1-3
Added Net: Name=NetR5_2
Added Pin To Net: NetName=PGND Pin=J4-1
Added Net: Name=PGND
Change Class Name : Old Net Name=RasPiHAT-INPUT New Net Name=RasPiHAT-SOUND
Added Member To Class: ClassName=RasPiHAT-SOUND Member=Component C4 Cap
Added Member To Class: ClassName=RasPiHAT-SOUND Member=Component C5 Cap
Added Member To Class: ClassName=RasPiHAT-SOUND Member=Component D1 0805_LED
Added Member To Class: ClassName=RasPiHAT-SOUND Member=Component J2 Shortable Link (4 Way)
Added Member To Class: ClassName=RasPiHAT-SOUND Member=Component J3 Shortable Link (4 Way)
Added Member To Class: ClassName=RasPiHAT-SOUND Member=Component J4 1760510000
Added Member To Class: ClassName=RasPiHAT-SOUND Member=Component P1 Header 2
Added Member To Class: ClassName=RasPiHAT-SOUND Member=Component P2 Header 2
Added Member To Class: ClassName=RasPiHAT-SOUND Member=Component P3 Catalex MP3
Added Member To Class: ClassName=RasPiHAT-SOUND Member=Component R1 Res1
Added Member To Class: ClassName=RasPiHAT-SOUND Member=Component R2 Res1
Added Member To Class: ClassName=RasPiHAT-SOUND Member=Component R3 Res1
Added Member To Class: ClassName=RasPiHAT-SOUND Member=Component R5 Res1
Added Member To Class: ClassName=RasPiHAT-SOUND Member=Component Y1 11.0592MHz
Change Room Name: Old Name=RM3 New Name=RasPiHAT-SOUND
Change Room Scope: Old Scope=InComponentClass('RM3') New Scope=InComponentClass('RasPiHAT-SOUND')
