Change Physical Footprint: Designator=C1 Old Footprint=6-0805_N New Footprint=6-0805_N
Change Physical Footprint: Designator=C2 Old Footprint=6-0805_N New Footprint=6-0805_N
Change Physical Footprint: Designator=C3 Old Footprint=6-0805_N New Footprint=6-0805_N
Change Physical Footprint: Designator=C4 Old Footprint=6-0805_N New Footprint=6-0805_N
Change Physical Footprint: Designator=C5 Old Footprint=6-0805_N New Footprint=6-0805_N
Change Physical Footprint: Designator=CHAN 1 Old Footprint=1760490000 New Footprint=1760490000
Change Physical Footprint: Designator=CHAN 2 Old Footprint=1760490000 New Footprint=1760490000
Change Physical Footprint: Designator=CHAN 3 Old Footprint=1760490000 New Footprint=1760490000
Change Physical Footprint: Designator=CHAN 4 Old Footprint=1760490000 New Footprint=1760490000
Change Physical Footprint: Designator=CHAN 5 Old Footprint=1760490000 New Footprint=1760490000
Change Physical Footprint: Designator=D1_RM1 Old Footprint=LEDSC200X125X70-2N_598-8160-107F(Primary) New Footprint=LEDSC200X125X70-2N_598-8160-107F(Primary)
Change Physical Footprint: Designator=D1_RM2 Old Footprint=LEDSC200X125X70-2N_598-8160-107F(Primary) New Footprint=LEDSC200X125X70-2N_598-8160-107F(Primary)
Change Physical Footprint: Designator=D1_RM3 Old Footprint=LEDSC200X125X70-2N_598-8160-107F(Primary) New Footprint=LEDSC200X125X70-2N_598-8160-107F(Primary)
Change Physical Footprint: Designator=D1_RM4 Old Footprint=LEDSC200X125X70-2N_598-8160-107F(Primary) New Footprint=LEDSC200X125X70-2N_598-8160-107F(Primary)
Change Physical Footprint: Designator=D1_RM5 Old Footprint=LEDSC200X125X70-2N_598-8160-107F(Primary) New Footprint=LEDSC200X125X70-2N_598-8160-107F(Primary)
Change Physical Footprint: Designator=D2 Old Footprint=LEDSC200X125X70-2N_598-8160-107F(Primary) New Footprint=LEDSC200X125X70-2N_598-8160-107F(Primary)
Change Physical Footprint: Designator=J2 Old Footprint=1760490000 New Footprint=1760490000
Change Physical Footprint: Designator=K1 Old Footprint=HDR2X20 New Footprint=HDR2X20
Change Physical Footprint: Designator=P1 Old Footprint=HDR1X2 New Footprint=HDR1X2
Change Physical Footprint: Designator=P2 Old Footprint=HDR1X2 New Footprint=HDR1X2
Change Physical Footprint: Designator=Q1_RM1 Old Footprint=ONSC-SOIC-8-751-07_V New Footprint=ONSC-SOIC-8-751-07_V
Change Physical Footprint: Designator=Q1_RM2 Old Footprint=ONSC-SOIC-8-751-07_V New Footprint=ONSC-SOIC-8-751-07_V
Change Physical Footprint: Designator=Q1_RM3 Old Footprint=ONSC-SOIC-8-751-07_V New Footprint=ONSC-SOIC-8-751-07_V
Change Physical Footprint: Designator=Q1_RM4 Old Footprint=ONSC-SOIC-8-751-07_V New Footprint=ONSC-SOIC-8-751-07_V
Change Physical Footprint: Designator=Q1_RM5 Old Footprint=ONSC-SOIC-8-751-07_V New Footprint=ONSC-SOIC-8-751-07_V
Change Physical Footprint: Designator=Q2_RM1 Old Footprint=SOT23 New Footprint=SOT23
Change Physical Footprint: Designator=Q2_RM2 Old Footprint=SOT23 New Footprint=SOT23
Change Physical Footprint: Designator=Q2_RM3 Old Footprint=SOT23 New Footprint=SOT23
Change Physical Footprint: Designator=Q2_RM4 Old Footprint=SOT23 New Footprint=SOT23
Change Physical Footprint: Designator=Q2_RM5 Old Footprint=SOT23 New Footprint=SOT23
Change Physical Footprint: Designator=R1_RM1 Old Footprint=6-0805_N New Footprint=6-0805_N
Change Physical Footprint: Designator=R1_RM2 Old Footprint=6-0805_N New Footprint=6-0805_N
Change Physical Footprint: Designator=R1_RM3 Old Footprint=6-0805_N New Footprint=6-0805_N
Change Physical Footprint: Designator=R1_RM4 Old Footprint=6-0805_N New Footprint=6-0805_N
Change Physical Footprint: Designator=R1_RM5 Old Footprint=6-0805_N New Footprint=6-0805_N
Change Physical Footprint: Designator=R2_RM1 Old Footprint=6-0805_N New Footprint=6-0805_N
Change Physical Footprint: Designator=R2_RM2 Old Footprint=6-0805_N New Footprint=6-0805_N
Change Physical Footprint: Designator=R2_RM3 Old Footprint=6-0805_N New Footprint=6-0805_N
Change Physical Footprint: Designator=R2_RM4 Old Footprint=6-0805_N New Footprint=6-0805_N
Change Physical Footprint: Designator=R2_RM5 Old Footprint=6-0805_N New Footprint=6-0805_N
Change Physical Footprint: Designator=R3_RM1 Old Footprint=6-0805_N New Footprint=6-0805_N
Change Physical Footprint: Designator=R3_RM2 Old Footprint=6-0805_N New Footprint=6-0805_N
Change Physical Footprint: Designator=R3_RM3 Old Footprint=6-0805_N New Footprint=6-0805_N
Change Physical Footprint: Designator=R3_RM4 Old Footprint=6-0805_N New Footprint=6-0805_N
Change Physical Footprint: Designator=R3_RM5 Old Footprint=6-0805_N New Footprint=6-0805_N
Change Physical Footprint: Designator=R4_RM1 Old Footprint=6-0805_N New Footprint=6-0805_N
Change Physical Footprint: Designator=R4_RM2 Old Footprint=6-0805_N New Footprint=6-0805_N
Change Physical Footprint: Designator=R4_RM3 Old Footprint=6-0805_N New Footprint=6-0805_N
Change Physical Footprint: Designator=R4_RM4 Old Footprint=6-0805_N New Footprint=6-0805_N
Change Physical Footprint: Designator=R4_RM5 Old Footprint=6-0805_N New Footprint=6-0805_N
Change Physical Footprint: Designator=R5_RM1 Old Footprint=6-0805_N New Footprint=6-0805_N
Change Physical Footprint: Designator=R5_RM2 Old Footprint=6-0805_N New Footprint=6-0805_N
Change Physical Footprint: Designator=R5_RM3 Old Footprint=6-0805_N New Footprint=6-0805_N
Change Physical Footprint: Designator=R5_RM4 Old Footprint=6-0805_N New Footprint=6-0805_N
Change Physical Footprint: Designator=R5_RM5 Old Footprint=6-0805_N New Footprint=6-0805_N
Change Physical Footprint: Designator=R6_RM1 Old Footprint=6-0805_N New Footprint=6-0805_N
Change Physical Footprint: Designator=R6_RM2 Old Footprint=6-0805_N New Footprint=6-0805_N
Change Physical Footprint: Designator=R6_RM3 Old Footprint=6-0805_N New Footprint=6-0805_N
Change Physical Footprint: Designator=R6_RM4 Old Footprint=6-0805_N New Footprint=6-0805_N
Change Physical Footprint: Designator=R6_RM5 Old Footprint=6-0805_N New Footprint=6-0805_N
Change Physical Footprint: Designator=R7 Old Footprint=6-0805_N New Footprint=6-0805_N
Change Physical Footprint: Designator=R8 Old Footprint=6-0805_N New Footprint=6-0805_N
Change Physical Footprint: Designator=R9 Old Footprint=6-0805_N New Footprint=6-0805_N
Change Physical Footprint: Designator=R10 Old Footprint=6-0805_N New Footprint=6-0805_N
Change Physical Footprint: Designator=R11 Old Footprint=6-0805_N New Footprint=6-0805_N
Change Physical Footprint: Designator=R12 Old Footprint=6-0805_N New Footprint=6-0805_N
Change Physical Footprint: Designator=R13 Old Footprint=6-0805_N New Footprint=6-0805_N
Change Physical Footprint: Designator=R14 Old Footprint=6-0805_N New Footprint=6-0805_N
Change Physical Footprint: Designator=R15 Old Footprint=6-0805_N New Footprint=6-0805_N
Change Physical Footprint: Designator=R16 Old Footprint=6-0805_N New Footprint=6-0805_N
Change Physical Footprint: Designator=S1 Old Footprint=DIP-12/SW New Footprint=DIP-12/SW
Change Physical Footprint: Designator=U1_RM1 Old Footprint=SOT254P975X400-4N New Footprint=SOT254P975X400-4N
Change Physical Footprint: Designator=U1_RM2 Old Footprint=SOT254P975X400-4N New Footprint=SOT254P975X400-4N
Change Physical Footprint: Designator=U1_RM3 Old Footprint=SOT254P975X400-4N New Footprint=SOT254P975X400-4N
Change Physical Footprint: Designator=U1_RM4 Old Footprint=SOT254P975X400-4N New Footprint=SOT254P975X400-4N
Change Physical Footprint: Designator=U1_RM5 Old Footprint=SOT254P975X400-4N New Footprint=SOT254P975X400-4N
Change Physical Footprint: Designator=U2 Old Footprint=SOP65P640X110-28N New Footprint=SOP65P640X110-28N
