Removed Pin From Net: NetName=GND Pin=C1-1
Removed Pin From Net: NetName=+3V3 Pin=C1-2
Removed Pin From Net: NetName=GND Pin=D2-C
Removed Pin From Net: NetName=SCL Pin=P2-1
Removed Pin From Net: NetName=SDA Pin=P3-1
Removed Pin From Net: NetName=GND Pin=R5_RM1-2
Removed Pin From Net: NetName=GND Pin=R5_RM2-2
Removed Pin From Net: NetName=GND Pin=R5_RM3-2
Removed Pin From Net: NetName=GND Pin=R5_RM4-2
Removed Pin From Net: NetName=+3V3 Pin=R7-1
Removed Pin From Net: NetName=EEPROM_WC Pin=R7-2
Removed Pin From Net: NetName=+3V3 Pin=R8-1
Removed Pin From Net: NetName=INTERRUPT Pin=R8-2
Removed Pin From Net: NetName=+3V3 Pin=R9-1
Removed Pin From Net: NetName=NetP2_2 Pin=R9-2
Removed Pin From Net: NetName=+3V3 Pin=R10-1
Removed Pin From Net: NetName=GND Pin=S1-1
Removed Pin From Net: NetName=GND Pin=S1-2
Removed Pin From Net: NetName=GND Pin=S1-3
Removed Pin From Net: NetName=GND Pin=S1-4
Removed Pin From Net: NetName=GND Pin=S1-5
Removed Pin From Net: NetName=GND Pin=S1-6
Removed Pin From Net: NetName=GND Pin=U1_RM1-2
Removed Pin From Net: NetName=GND Pin=U1_RM2-2
Removed Pin From Net: NetName=GND Pin=U1_RM3-2
Removed Pin From Net: NetName=GND Pin=U1_RM4-2
Removed Pin From Net: NetName=EEPROM_WC Pin=U2-17
Removed Member From Class: ClassName=RasPi-BplusHAT-RELAY Member=C1
Removed Member From Class: ClassName=RM1 Member=D1_RM1
Removed Member From Class: ClassName=RM2 Member=D1_RM2
Removed Member From Class: ClassName=RM3 Member=D1_RM3
Removed Member From Class: ClassName=RM4 Member=D1_RM4
Removed Member From Class: ClassName=RasPi-BplusHAT-RELAY Member=D2
Removed Member From Class: ClassName=RM1 Member=J1_RM1
Removed Member From Class: ClassName=RM2 Member=J1_RM2
Removed Member From Class: ClassName=RM3 Member=J1_RM3
Removed Member From Class: ClassName=RM4 Member=J1_RM4
Removed Member From Class: ClassName=RasPi-BplusHAT-RELAY Member=J2
Removed Member From Class: ClassName=RM1 Member=K2_RM1
Removed Member From Class: ClassName=RM2 Member=K2_RM2
Removed Member From Class: ClassName=RM3 Member=K2_RM3
Removed Member From Class: ClassName=RM4 Member=K2_RM4
Removed Member From Class: ClassName=RM1 Member=P1_RM1
Removed Member From Class: ClassName=RM2 Member=P1_RM2
Removed Member From Class: ClassName=RM3 Member=P1_RM3
Removed Member From Class: ClassName=RM4 Member=P1_RM4
Removed Member From Class: ClassName=RasPi-BplusHAT-RELAY Member=P3
Removed Member From Class: ClassName=RM1 Member=Q1_RM1
Removed Member From Class: ClassName=RM2 Member=Q1_RM2
Removed Member From Class: ClassName=RM3 Member=Q1_RM3
Removed Member From Class: ClassName=RM4 Member=Q1_RM4
Removed Member From Class: ClassName=RM1 Member=R3_RM1
Removed Member From Class: ClassName=RM2 Member=R3_RM2
Removed Member From Class: ClassName=RM3 Member=R3_RM3
Removed Member From Class: ClassName=RM4 Member=R3_RM4
Removed Member From Class: ClassName=RM1 Member=R4_RM1
Removed Member From Class: ClassName=RM2 Member=R4_RM2
Removed Member From Class: ClassName=RM3 Member=R4_RM3
Removed Member From Class: ClassName=RM4 Member=R4_RM4
Removed Member From Class: ClassName=RM1 Member=R5_RM1
Removed Member From Class: ClassName=RM2 Member=R5_RM2
Removed Member From Class: ClassName=RM3 Member=R5_RM3
Removed Member From Class: ClassName=RM4 Member=R5_RM4
Removed Member From Class: ClassName=RM1 Member=R6_RM1
Removed Member From Class: ClassName=RM2 Member=R6_RM2
Removed Member From Class: ClassName=RM3 Member=R6_RM3
Removed Member From Class: ClassName=RM4 Member=R6_RM4
Removed Member From Class: ClassName=RasPi-BplusHAT-RELAY Member=R8
Removed Member From Class: ClassName=RasPi-BplusHAT-RELAY Member=R9
Removed Member From Class: ClassName=RasPi-BplusHAT-RELAY Member=R10
Removed Member From Class: ClassName=RasPi-BplusHAT-RELAY Member=R11
Removed Member From Class: ClassName=RasPi-BplusHAT-RELAY Member=S1
Removed Member From Class: ClassName=RM1 Member=U1_RM1
Removed Member From Class: ClassName=RM2 Member=U1_RM2
Removed Member From Class: ClassName=RM3 Member=U1_RM3
Removed Member From Class: ClassName=RM4 Member=U1_RM4
Change Component DesignItemId : Designator=C5 Old DesignItemId=Cap New DesignItemId=Cap Semi
Change Component DesignItemId : Designator=R1_RM1 Old DesignItemId=Res1 New DesignItemId=Res3
Change Component DesignItemId : Designator=R1_RM2 Old DesignItemId=Res1 New DesignItemId=Res3
Change Component DesignItemId : Designator=R1_RM3 Old DesignItemId=Res1 New DesignItemId=Res3
Change Component DesignItemId : Designator=R1_RM4 Old DesignItemId=Res1 New DesignItemId=Res3
Change Component DesignItemId : Designator=R2_RM1 Old DesignItemId=Res1 New DesignItemId=Res3
Change Component DesignItemId : Designator=R2_RM2 Old DesignItemId=Res1 New DesignItemId=Res3
Change Component DesignItemId : Designator=R2_RM3 Old DesignItemId=Res1 New DesignItemId=Res3
Change Component DesignItemId : Designator=R2_RM4 Old DesignItemId=Res1 New DesignItemId=Res3
Change Component Comment : Designator=C5 Old Comment=Cap New Comment=0805
Change Component Comment : Designator=R1_RM1 Old Comment=Res1 New Comment=0805
Change Component Comment : Designator=R1_RM2 Old Comment=Res1 New Comment=0805
Change Component Comment : Designator=R1_RM3 Old Comment=Res1 New Comment=0805
Change Component Comment : Designator=R1_RM4 Old Comment=Res1 New Comment=0805
Change Component Comment : Designator=R2_RM1 Old Comment=Res1 New Comment=0805
Change Component Comment : Designator=R2_RM2 Old Comment=Res1 New Comment=0805
Change Component Comment : Designator=R2_RM3 Old Comment=Res1 New Comment=0805
Change Component Comment : Designator=R2_RM4 Old Comment=Res1 New Comment=0805
Change Component Description : Designator=R1_RM1 Old Description=Resistor New Description=Resistor, 0.25W
Change Component Description : Designator=R1_RM2 Old Description=Resistor New Description=Resistor, 0.25W
Change Component Description : Designator=R1_RM3 Old Description=Resistor New Description=Resistor, 0.25W
Change Component Description : Designator=R1_RM4 Old Description=Resistor New Description=Resistor, 0.25W
Change Component Description : Designator=R2_RM1 Old Description=Resistor New Description=Resistor, 0.25W
Change Component Description : Designator=R2_RM2 Old Description=Resistor New Description=Resistor, 0.25W
Change Component Description : Designator=R2_RM3 Old Description=Resistor New Description=Resistor, 0.25W
Change Component Description : Designator=R2_RM4 Old Description=Resistor New Description=Resistor, 0.25W
Added Component: Designator=C1_RM1(6-0805_N)
Added Component: Designator=C1_RM2(6-0805_N)
Added Component: Designator=C1_RM3(6-0805_N)
Added Component: Designator=C1_RM4(6-0805_N)
Added Component: Designator=C1_RM5(6-0805_N)
Added Component: Designator=C1_RM6(6-0805_N)
Added Component: Designator=C1_RM7(6-0805_N)
Added Component: Designator=D1(LEDSC200X125X70-2N_598-8160-107F(Primary))
Added Component: Designator=P1(HDR1X2)
Added Component: Designator=R1_RM5(6-0805_N)
Added Component: Designator=R1_RM6(6-0805_N)
Added Component: Designator=R1_RM7(6-0805_N)
Added Component: Designator=R2_RM5(6-0805_N)
Added Component: Designator=R2_RM6(6-0805_N)
Added Component: Designator=R2_RM7(6-0805_N)
Added Component: Designator=R3(6-0805_N)
Added Component: Designator=R4(6-0805_N)
Added Component: Designator=R5(6-0805_N)
Added Component: Designator=R6(6-0805_N)
Added Component: Designator=S2(DIP-12/SW)
Added Component: Designator=U1(0.96 OLED LCD)
Added Pin To Net: NetName=GND Pin=C1_RM1-2
Added Pin To Net: NetName=GND Pin=C1_RM2-2
Added Pin To Net: NetName=GND Pin=C1_RM3-2
Added Pin To Net: NetName=GND Pin=C1_RM4-2
Added Pin To Net: NetName=GND Pin=C1_RM5-2
Added Pin To Net: NetName=GND Pin=C1_RM6-2
Added Pin To Net: NetName=GND Pin=C1_RM7-2
Added Pin To Net: NetName=GND Pin=C4-1
Added Pin To Net: NetName=+3V3 Pin=C4-2
Added Pin To Net: NetName=+3V3 Pin=C5-1
Added Pin To Net: NetName=GND Pin=C5-2
Added Pin To Net: NetName=GND Pin=D1-C
Added Pin To Net: NetName=SCL Pin=P1-1
Added Pin To Net: NetName=SDA Pin=P2-1
Added Pin To Net: NetName=GND Pin=R2_RM1-1
Added Pin To Net: NetName=GND Pin=R2_RM2-1
Added Pin To Net: NetName=GND Pin=R2_RM3-1
Added Pin To Net: NetName=GND Pin=R2_RM4-1
Added Pin To Net: NetName=GND Pin=R2_RM5-1
Added Pin To Net: NetName=GND Pin=R2_RM6-1
Added Pin To Net: NetName=GND Pin=R2_RM7-1
Added Pin To Net: NetName=+3V3 Pin=R3-1
Added Pin To Net: NetName=EEPROM_WC Pin=R3-2
Added Pin To Net: NetName=+3V3 Pin=R4-1
Added Pin To Net: NetName=INTERRUPT Pin=R4-2
Added Pin To Net: NetName=+3V3 Pin=R5-1
Added Pin To Net: NetName=+3V3 Pin=R6-1
Added Pin To Net: NetName=NetP2_2 Pin=R6-2
Added Pin To Net: NetName=GND Pin=S2-1
Added Pin To Net: NetName=GND Pin=S2-2
Added Pin To Net: NetName=GND Pin=S2-3
Added Pin To Net: NetName=GND Pin=S2-4
Added Pin To Net: NetName=GND Pin=S2-5
Added Pin To Net: NetName=GND Pin=S2-6
Added Pin To Net: NetName=+3V3 Pin=U1-1
Added Pin To Net: NetName=GND Pin=U1-2
Added Pin To Net: NetName=SCL Pin=U1-3
Added Pin To Net: NetName=SDA Pin=U1-4
Added Pin To Net: NetName=NetC1_RM1_1 Pin=C1_RM1-1
Added Pin To Net: NetName=NetC1_RM1_1 Pin=R1_RM1-1
Added Pin To Net: NetName=NetC1_RM1_1 Pin=U2-15
Added Net: Name=NetC1_RM1_1
Added Pin To Net: NetName=NetC1_RM2_1 Pin=C1_RM2-1
Added Pin To Net: NetName=NetC1_RM2_1 Pin=R1_RM2-1
Added Pin To Net: NetName=NetC1_RM2_1 Pin=U2-14
Added Net: Name=NetC1_RM2_1
Added Pin To Net: NetName=NetC1_RM3_1 Pin=C1_RM3-1
Added Pin To Net: NetName=NetC1_RM3_1 Pin=R1_RM3-1
Added Pin To Net: NetName=NetC1_RM3_1 Pin=U2-13
Added Net: Name=NetC1_RM3_1
Added Pin To Net: NetName=NetC1_RM4_1 Pin=C1_RM4-1
Added Pin To Net: NetName=NetC1_RM4_1 Pin=R1_RM4-1
Added Pin To Net: NetName=NetC1_RM4_1 Pin=U2-7
Added Net: Name=NetC1_RM4_1
Added Pin To Net: NetName=NetC1_RM5_1 Pin=C1_RM5-1
Added Pin To Net: NetName=NetC1_RM5_1 Pin=R1_RM5-1
Added Pin To Net: NetName=NetC1_RM5_1 Pin=U2-6
Added Net: Name=NetC1_RM5_1
Added Pin To Net: NetName=NetC1_RM6_1 Pin=C1_RM6-1
Added Pin To Net: NetName=NetC1_RM6_1 Pin=R1_RM6-1
Added Pin To Net: NetName=NetC1_RM6_1 Pin=U2-5
Added Net: Name=NetC1_RM6_1
Added Pin To Net: NetName=NetC1_RM7_1 Pin=C1_RM7-1
Added Pin To Net: NetName=NetC1_RM7_1 Pin=R1_RM7-1
Added Pin To Net: NetName=NetC1_RM7_1 Pin=U2-4
Added Net: Name=NetC1_RM7_1
Added Pin To Net: NetName=NetD1_A Pin=D1-A
Added Pin To Net: NetName=NetD1_A Pin=R7-2
Added Net: Name=NetD1_A
Added Pin To Net: NetName=NetP1_2 Pin=P1-2
Added Pin To Net: NetName=NetP1_2 Pin=R5-2
Added Net: Name=NetP1_2
Added Pin To Net: NetName=NetR1_RM1_2 Pin=R1_RM1-2
Added Pin To Net: NetName=NetR1_RM1_2 Pin=R2_RM1-2
Added Net: Name=NetR1_RM1_2
Added Pin To Net: NetName=NetR1_RM2_2 Pin=R1_RM2-2
Added Pin To Net: NetName=NetR1_RM2_2 Pin=R2_RM2-2
Added Net: Name=NetR1_RM2_2
Added Pin To Net: NetName=NetR1_RM3_2 Pin=R1_RM3-2
Added Pin To Net: NetName=NetR1_RM3_2 Pin=R2_RM3-2
Added Net: Name=NetR1_RM3_2
Added Pin To Net: NetName=NetR1_RM4_2 Pin=R1_RM4-2
Added Pin To Net: NetName=NetR1_RM4_2 Pin=R2_RM4-2
Added Net: Name=NetR1_RM4_2
Added Pin To Net: NetName=NetR1_RM5_2 Pin=R1_RM5-2
Added Pin To Net: NetName=NetR1_RM5_2 Pin=R2_RM5-2
Added Net: Name=NetR1_RM5_2
Added Pin To Net: NetName=NetR1_RM6_2 Pin=R1_RM6-2
Added Pin To Net: NetName=NetR1_RM6_2 Pin=R2_RM6-2
Added Net: Name=NetR1_RM6_2
Added Pin To Net: NetName=NetR1_RM7_2 Pin=R1_RM7-2
Added Pin To Net: NetName=NetR1_RM7_2 Pin=R2_RM7-2
Added Net: Name=NetR1_RM7_2
Added Pin To Net: NetName=NetR7_1 Pin=R7-1
Added Pin To Net: NetName=NetR7_1 Pin=U2-16
Added Net: Name=NetR7_1
Added Pin To Net: NetName=NetS2_7 Pin=S2-7
Added Pin To Net: NetName=NetS2_7 Pin=U2-1
Added Net: Name=NetS2_7
Added Pin To Net: NetName=NetS2_8 Pin=S2-8
Added Pin To Net: NetName=NetS2_8 Pin=U2-2
Added Net: Name=NetS2_8
Added Pin To Net: NetName=NetS2_9 Pin=S2-9
Added Pin To Net: NetName=NetS2_9 Pin=U2-3
Added Net: Name=NetS2_9
Added Pin To Net: NetName=NetS2_10 Pin=S2-10
Added Pin To Net: NetName=NetS2_10 Pin=U2-12
Added Net: Name=NetS2_10
Added Pin To Net: NetName=NetS2_11 Pin=S2-11
Added Pin To Net: NetName=NetS2_11 Pin=U2-11
Added Net: Name=NetS2_11
Added Pin To Net: NetName=NetS2_12 Pin=S2-12
Added Pin To Net: NetName=NetS2_12 Pin=U2-9
Added Net: Name=NetS2_12
Change Class Name : Old Net Name=RasPi-BplusHAT-RELAY New Net Name=RasPiHAT-DISPLAY
Added Class: Name=RM5
Added Class: Name=RM6
Added Class: Name=RM7
Added Class: Name=PushButton
Added Member To Class: ClassName=RM1 Member=Component C1_RM1 (C1) 0805
Added Member To Class: ClassName=RM2 Member=Component C1_RM2 (C1) 0805
Added Member To Class: ClassName=RM3 Member=Component C1_RM3 (C1) 0805
Added Member To Class: ClassName=RM4 Member=Component C1_RM4 (C1) 0805
Added Member To Class: ClassName=RasPiHAT-DISPLAY Member=Component D1 0805_LED
Added Member To Class: ClassName=RasPiHAT-DISPLAY Member=Component P1 Header 2
Added Member To Class: ClassName=RasPiHAT-DISPLAY Member=Component R3 Res1
Added Member To Class: ClassName=RasPiHAT-DISPLAY Member=Component R4 Res1
Added Member To Class: ClassName=RasPiHAT-DISPLAY Member=Component R5 Res1
Added Member To Class: ClassName=RasPiHAT-DISPLAY Member=Component R6 Res1
Added Member To Class: ClassName=RasPiHAT-DISPLAY Member=Component S2 SW DIP-6
Added Member To Class: ClassName=RasPiHAT-DISPLAY Member=Component U1 0.96" OLED LCD
Added Room: Name=RasPiHAT-DISPLAY
Added Room: Name=RM5
Added Room: Name=RM6
Added Room: Name=RM7
